# JRE version: OpenJDK Runtime Environment (8.0_152-b06) (build 1.8.0_152-release-1136-b06)
# Java VM: OpenJDK 64-Bit Server VM (25.152-b06 mixed mode windows-amd64 compressed oops)
Heap:
 PSYoungGen      total 415232K, used 184828K [0x00000000e0000000, 0x00000000fe680000, 0x0000000100000000)
  eden space 380416K, 43% used [0x00000000e0000000,0x00000000ea0dc0c0,0x00000000f7380000)
  from space 34816K, 57% used [0x00000000f9480000,0x00000000fa823278,0x00000000fb680000)
  to   space 33792K, 0% used [0x00000000f7380000,0x00000000f7380000,0x00000000f9480000)
 ParOldGen       total 245248K, used 56072K [0x00000000a0000000, 0x00000000aef80000, 0x00000000e0000000)
  object space 245248K, 22% used [0x00000000a0000000,0x00000000a36c2150,0x00000000aef80000)
 Metaspace       used 73142K, capacity 76758K, committed 77016K, reserved 1116160K
  class space    used 9561K, capacity 10397K, committed 10456K, reserved 1048576K
GC Heap History (10 events):
Event: 14.804 GC heap before
{Heap before GC invocations=13 (full 3):
 PSYoungGen      total 248832K, used 225792K [0x00000000e0000000, 0x00000000f6800000, 0x0000000100000000)
  eden space 225792K, 100% used [0x00000000e0000000,0x00000000edc80000,0x00000000edc80000)
  from space 23040K, 0% used [0x00000000edc80000,0x00000000edc80000,0x00000000ef300000)
  to   space 28672K, 0% used [0x00000000f4c00000,0x00000000f4c00000,0x00000000f6800000)
 ParOldGen       total 245248K, used 51597K [0x00000000a0000000, 0x00000000aef80000, 0x00000000e0000000)
  object space 245248K, 21% used [0x00000000a0000000,0x00000000a32637f0,0x00000000aef80000)
 Metaspace       used 67058K, capacity 69778K, committed 70104K, reserved 1110016K
  class space    used 8924K, capacity 9599K, committed 9688K, reserved 1048576K
Event: 14.822 GC heap after
Heap after GC invocations=13 (full 3):
 PSYoungGen      total 300544K, used 20905K [0x00000000e0000000, 0x00000000f6080000, 0x0000000100000000)
  eden space 279552K, 0% used [0x00000000e0000000,0x00000000e0000000,0x00000000f1100000)
  from space 20992K, 99% used [0x00000000f4c00000,0x00000000f606a480,0x00000000f6080000)
  to   space 29696K, 0% used [0x00000000f2680000,0x00000000f2680000,0x00000000f4380000)
 ParOldGen       total 245248K, used 51605K [0x00000000a0000000, 0x00000000aef80000, 0x00000000e0000000)
  object space 245248K, 21% used [0x00000000a0000000,0x00000000a32657f0,0x00000000aef80000)
 Metaspace       used 67058K, capacity 69778K, committed 70104K, reserved 1110016K
  class space    used 8924K, capacity 9599K, committed 9688K, reserved 1048576K
}
Event: 79.503 GC heap before
{Heap before GC invocations=14 (full 3):
 PSYoungGen      total 300544K, used 300457K [0x00000000e0000000, 0x00000000f6080000, 0x0000000100000000)
  eden space 279552K, 100% used [0x00000000e0000000,0x00000000f1100000,0x00000000f1100000)
  from space 20992K, 99% used [0x00000000f4c00000,0x00000000f606a480,0x00000000f6080000)
  to   space 29696K, 0% used [0x00000000f2680000,0x00000000f2680000,0x00000000f4380000)
 ParOldGen       total 245248K, used 51605K [0x00000000a0000000, 0x00000000aef80000, 0x00000000e0000000)
  object space 245248K, 21% used [0x00000000a0000000,0x00000000a32657f0,0x00000000aef80000)
 Metaspace       used 69963K, capacity 73058K, committed 73176K, reserved 1112064K
  class space    used 9210K, capacity 9909K, committed 9944K, reserved 1048576K
Event: 79.534 GC heap after
Heap after GC invocations=14 (full 3):
 PSYoungGen      total 331264K, used 20489K [0x00000000e0000000, 0x00000000f8200000, 0x0000000100000000)
  eden space 301568K, 0% used [0x00000000e0000000,0x00000000e0000000,0x00000000f2680000)
  from space 29696K, 68% used [0x00000000f2680000,0x00000000f3a825f8,0x00000000f4380000)
  to   space 30208K, 0% used [0x00000000f6480000,0x00000000f6480000,0x00000000f8200000)
 ParOldGen       total 245248K, used 51613K [0x00000000a0000000, 0x00000000aef80000, 0x00000000e0000000)
  object space 245248K, 21% used [0x00000000a0000000,0x00000000a32677f0,0x00000000aef80000)
 Metaspace       used 69963K, capacity 73058K, committed 73176K, reserved 1112064K
  class space    used 9210K, capacity 9909K, committed 9944K, reserved 1048576K
}
Event: 140.352 GC heap before
{Heap before GC invocations=15 (full 3):
 PSYoungGen      total 331264K, used 322057K [0x00000000e0000000, 0x00000000f8200000, 0x0000000100000000)
  eden space 301568K, 100% used [0x00000000e0000000,0x00000000f2680000,0x00000000f2680000)
  from space 29696K, 68% used [0x00000000f2680000,0x00000000f3a825f8,0x00000000f4380000)
  to   space 30208K, 0% used [0x00000000f6480000,0x00000000f6480000,0x00000000f8200000)
 ParOldGen       total 245248K, used 51613K [0x00000000a0000000, 0x00000000aef80000, 0x00000000e0000000)
  object space 245248K, 21% used [0x00000000a0000000,0x00000000a32677f0,0x00000000aef80000)
 Metaspace       used 72396K, capacity 75700K, committed 75864K, reserved 1114112K
  class space    used 9510K, capacity 10240K, committed 10328K, reserved 1048576K
Event: 140.375 GC heap after
Heap after GC invocations=15 (full 3):
 PSYoungGen      total 364544K, used 21028K [0x00000000e0000000, 0x00000000f9280000, 0x0000000100000000)
  eden space 334336K, 0% used [0x00000000e0000000,0x00000000e0000000,0x00000000f4680000)
  from space 30208K, 69% used [0x00000000f6480000,0x00000000f7909170,0x00000000f8200000)
  to   space 30720K, 0% used [0x00000000f4680000,0x00000000f4680000,0x00000000f6480000)
 ParOldGen       total 245248K, used 51621K [0x00000000a0000000, 0x00000000aef80000, 0x00000000e0000000)
  object space 245248K, 21% used [0x00000000a0000000,0x00000000a32697f0,0x00000000aef80000)
 Metaspace       used 72396K, capacity 75700K, committed 75864K, reserved 1114112K
  class space    used 9510K, capacity 10240K, committed 10328K, reserved 1048576K
}
Event: 153.286 GC heap before
{Heap before GC invocations=16 (full 3):
 PSYoungGen      total 364544K, used 351308K [0x00000000e0000000, 0x00000000f9280000, 0x0000000100000000)
  eden space 334336K, 98% used [0x00000000e0000000,0x00000000f428a130,0x00000000f4680000)
  from space 30208K, 69% used [0x00000000f6480000,0x00000000f7909170,0x00000000f8200000)
  to   space 30720K, 0% used [0x00000000f4680000,0x00000000f4680000,0x00000000f6480000)
 ParOldGen       total 245248K, used 51621K [0x00000000a0000000, 0x00000000aef80000, 0x00000000e0000000)
  object space 245248K, 21% used [0x00000000a0000000,0x00000000a32697f0,0x00000000aef80000)
 Metaspace       used 72899K, capacity 76456K, committed 76760K, reserved 1116160K
  class space    used 9556K, capacity 10364K, committed 10456K, reserved 1048576K
Event: 153.311 GC heap after
Heap after GC invocations=16 (full 3):
 PSYoungGen      total 365056K, used 30190K [0x00000000e0000000, 0x00000000fb680000, 0x0000000100000000)
  eden space 334336K, 0% used [0x00000000e0000000,0x00000000e0000000,0x00000000f4680000)
  from space 30720K, 98% used [0x00000000f4680000,0x00000000f63fbb48,0x00000000f6480000)
  to   space 34816K, 0% used [0x00000000f9480000,0x00000000f9480000,0x00000000fb680000)
 ParOldGen       total 245248K, used 56064K [0x00000000a0000000, 0x00000000aef80000, 0x00000000e0000000)
  object space 245248K, 22% used [0x00000000a0000000,0x00000000a36c0150,0x00000000aef80000)
 Metaspace       used 72899K, capacity 76456K, committed 76760K, reserved 1116160K
  class space    used 9556K, capacity 10364K, committed 10456K, reserved 1048576K
}
Event: 153.490 GC heap before
{Heap before GC invocations=17 (full 3):
 PSYoungGen      total 365056K, used 364176K [0x00000000e0000000, 0x00000000fb680000, 0x0000000100000000)
  eden space 334336K, 99% used [0x00000000e0000000,0x00000000f4628528,0x00000000f4680000)
  from space 30720K, 98% used [0x00000000f4680000,0x00000000f63fbb48,0x00000000f6480000)
  to   space 34816K, 0% used [0x00000000f9480000,0x00000000f9480000,0x00000000fb680000)
 ParOldGen       total 245248K, used 56064K [0x00000000a0000000, 0x00000000aef80000, 0x00000000e0000000)
  object space 245248K, 22% used [0x00000000a0000000,0x00000000a36c0150,0x00000000aef80000)
 Metaspace       used 72933K, capacity 76456K, committed 76760K, reserved 1116160K
  class space    used 9556K, capacity 10364K, committed 10456K, reserved 1048576K
Event: 153.512 GC heap after
Heap after GC invocations=17 (full 3):
 PSYoungGen      total 415232K, used 20108K [0x00000000e0000000, 0x00000000fe680000, 0x0000000100000000)
  eden space 380416K, 0% used [0x00000000e0000000,0x00000000e0000000,0x00000000f7380000)
  from space 34816K, 57% used [0x00000000f9480000,0x00000000fa823278,0x00000000fb680000)
  to   space 33792K, 0% used [0x00000000f7380000,0x00000000f7380000,0x00000000f9480000)
 ParOldGen       total 245248K, used 56072K [0x00000000a0000000, 0x00000000aef80000, 0x00000000e0000000)
  object space 245248K, 22% used [0x00000000a0000000,0x00000000a36c2150,0x00000000aef80000)
 Metaspace       used 72933K, capacity 76456K, committed 76760K, reserved 1116160K
  class space    used 9556K, capacity 10364K, committed 10456K, reserved 1048576K
}

