# JRE version: OpenJDK Runtime Environment (8.0_152-b01) (build 1.8.0_152-release-1248-b01)
# Java VM: OpenJDK 64-Bit Server VM (25.152-b01 mixed mode windows-amd64 compressed oops)
Heap:
 PSYoungGen      total 139264K, used 122072K [0x00000000e0000000, 0x00000000ed100000, 0x0000000100000000)
  eden space 126464K, 86% used [0x00000000e0000000,0x00000000e6abb590,0x00000000e7b80000)
  from space 12800K, 99% used [0x00000000e7b80000,0x00000000e87fab48,0x00000000e8800000)
  to   space 16384K, 0% used [0x00000000ec100000,0x00000000ec100000,0x00000000ed100000)
 ParOldGen       total 178176K, used 20878K [0x00000000a0000000, 0x00000000aae00000, 0x00000000e0000000)
  object space 178176K, 11% used [0x00000000a0000000,0x00000000a1463a70,0x00000000aae00000)
 Metaspace       used 54836K, capacity 56204K, committed 56368K, reserved 1097728K
  class space    used 7447K, capacity 7867K, committed 7984K, reserved 1048576K
GC Heap History (10 events):
Event: 4.467 GC heap before
{Heap before GC invocations=5 (full 1):
 PSYoungGen      total 76288K, used 65536K [0x00000000e0000000, 0x00000000e9500000, 0x0000000100000000)
  eden space 65536K, 100% used [0x00000000e0000000,0x00000000e4000000,0x00000000e4000000)
  from space 10752K, 0% used [0x00000000e4000000,0x00000000e4000000,0x00000000e4a80000)
  to   space 10752K, 0% used [0x00000000e8a80000,0x00000000e8a80000,0x00000000e9500000)
 ParOldGen       total 114688K, used 9954K [0x00000000a0000000, 0x00000000a7000000, 0x00000000e0000000)
  object space 114688K, 8% used [0x00000000a0000000,0x00000000a09b89d0,0x00000000a7000000)
 Metaspace       used 27168K, capacity 27620K, committed 27824K, reserved 1073152K
  class space    used 3714K, capacity 3904K, committed 4016K, reserved 1048576K
Event: 4.480 GC heap after
Heap after GC invocations=5 (full 1):
 PSYoungGen      total 98816K, used 7228K [0x00000000e0000000, 0x00000000e9200000, 0x0000000100000000)
  eden space 91136K, 0% used [0x00000000e0000000,0x00000000e0000000,0x00000000e5900000)
  from space 7680K, 94% used [0x00000000e8a80000,0x00000000e918f1a0,0x00000000e9200000)
  to   space 10752K, 0% used [0x00000000e7d00000,0x00000000e7d00000,0x00000000e8780000)
 ParOldGen       total 114688K, used 9962K [0x00000000a0000000, 0x00000000a7000000, 0x00000000e0000000)
  object space 114688K, 8% used [0x00000000a0000000,0x00000000a09ba9d0,0x00000000a7000000)
 Metaspace       used 27168K, capacity 27620K, committed 27824K, reserved 1073152K
  class space    used 3714K, capacity 3904K, committed 4016K, reserved 1048576K
}
Event: 6.201 GC heap before
{Heap before GC invocations=6 (full 1):
 PSYoungGen      total 98816K, used 98364K [0x00000000e0000000, 0x00000000e9200000, 0x0000000100000000)
  eden space 91136K, 100% used [0x00000000e0000000,0x00000000e5900000,0x00000000e5900000)
  from space 7680K, 94% used [0x00000000e8a80000,0x00000000e918f1a0,0x00000000e9200000)
  to   space 10752K, 0% used [0x00000000e7d00000,0x00000000e7d00000,0x00000000e8780000)
 ParOldGen       total 114688K, used 9962K [0x00000000a0000000, 0x00000000a7000000, 0x00000000e0000000)
  object space 114688K, 8% used [0x00000000a0000000,0x00000000a09ba9d0,0x00000000a7000000)
 Metaspace       used 31441K, capacity 31980K, committed 32048K, reserved 1077248K
  class space    used 4397K, capacity 4628K, committed 4656K, reserved 1048576K
Event: 6.218 GC heap after
Heap after GC invocations=6 (full 1):
 PSYoungGen      total 136704K, used 10746K [0x00000000e0000000, 0x00000000e9500000, 0x0000000100000000)
  eden space 125952K, 0% used [0x00000000e0000000,0x00000000e0000000,0x00000000e7b00000)
  from space 10752K, 99% used [0x00000000e7d00000,0x00000000e877e930,0x00000000e8780000)
  to   space 13312K, 0% used [0x00000000e8800000,0x00000000e8800000,0x00000000e9500000)
 ParOldGen       total 114688K, used 10789K [0x00000000a0000000, 0x00000000a7000000, 0x00000000e0000000)
  object space 114688K, 9% used [0x00000000a0000000,0x00000000a0a89438,0x00000000a7000000)
 Metaspace       used 31441K, capacity 31980K, committed 32048K, reserved 1077248K
  class space    used 4397K, capacity 4628K, committed 4656K, reserved 1048576K
}
Event: 6.563 GC heap before
{Heap before GC invocations=7 (full 1):
 PSYoungGen      total 136704K, used 28721K [0x00000000e0000000, 0x00000000e9500000, 0x0000000100000000)
  eden space 125952K, 14% used [0x00000000e0000000,0x00000000e118ddf8,0x00000000e7b00000)
  from space 10752K, 99% used [0x00000000e7d00000,0x00000000e877e930,0x00000000e8780000)
  to   space 13312K, 0% used [0x00000000e8800000,0x00000000e8800000,0x00000000e9500000)
 ParOldGen       total 114688K, used 10789K [0x00000000a0000000, 0x00000000a7000000, 0x00000000e0000000)
  object space 114688K, 9% used [0x00000000a0000000,0x00000000a0a89438,0x00000000a7000000)
 Metaspace       used 34778K, capacity 35352K, committed 35496K, reserved 1079296K
  class space    used 4844K, capacity 5095K, committed 5168K, reserved 1048576K
Event: 6.573 GC heap after
Heap after GC invocations=7 (full 1):
 PSYoungGen      total 139776K, used 9517K [0x00000000e0000000, 0x00000000ecd00000, 0x0000000100000000)
  eden space 126464K, 0% used [0x00000000e0000000,0x00000000e0000000,0x00000000e7b80000)
  from space 13312K, 71% used [0x00000000e8800000,0x00000000e914b730,0x00000000e9500000)
  to   space 12800K, 0% used [0x00000000e7b80000,0x00000000e7b80000,0x00000000e8800000)
 ParOldGen       total 114688K, used 10797K [0x00000000a0000000, 0x00000000a7000000, 0x00000000e0000000)
  object space 114688K, 9% used [0x00000000a0000000,0x00000000a0a8b438,0x00000000a7000000)
 Metaspace       used 34778K, capacity 35352K, committed 35496K, reserved 1079296K
  class space    used 4844K, capacity 5095K, committed 5168K, reserved 1048576K
}
Event: 6.573 GC heap before
{Heap before GC invocations=8 (full 2):
 PSYoungGen      total 139776K, used 9517K [0x00000000e0000000, 0x00000000ecd00000, 0x0000000100000000)
  eden space 126464K, 0% used [0x00000000e0000000,0x00000000e0000000,0x00000000e7b80000)
  from space 13312K, 71% used [0x00000000e8800000,0x00000000e914b730,0x00000000e9500000)
  to   space 12800K, 0% used [0x00000000e7b80000,0x00000000e7b80000,0x00000000e8800000)
 ParOldGen       total 114688K, used 10797K [0x00000000a0000000, 0x00000000a7000000, 0x00000000e0000000)
  object space 114688K, 9% used [0x00000000a0000000,0x00000000a0a8b438,0x00000000a7000000)
 Metaspace       used 34778K, capacity 35352K, committed 35496K, reserved 1079296K
  class space    used 4844K, capacity 5095K, committed 5168K, reserved 1048576K
Event: 6.638 GC heap after
Heap after GC invocations=8 (full 2):
 PSYoungGen      total 139776K, used 0K [0x00000000e0000000, 0x00000000ecd00000, 0x0000000100000000)
  eden space 126464K, 0% used [0x00000000e0000000,0x00000000e0000000,0x00000000e7b80000)
  from space 13312K, 0% used [0x00000000e8800000,0x00000000e8800000,0x00000000e9500000)
  to   space 12800K, 0% used [0x00000000e7b80000,0x00000000e7b80000,0x00000000e8800000)
 ParOldGen       total 178176K, used 16333K [0x00000000a0000000, 0x00000000aae00000, 0x00000000e0000000)
  object space 178176K, 9% used [0x00000000a0000000,0x00000000a0ff34f0,0x00000000aae00000)
 Metaspace       used 34778K, capacity 35352K, committed 35496K, reserved 1079296K
  class space    used 4844K, capacity 5095K, committed 5168K, reserved 1048576K
}
Event: 8.555 GC heap before
{Heap before GC invocations=9 (full 2):
 PSYoungGen      total 139776K, used 126464K [0x00000000e0000000, 0x00000000ecd00000, 0x0000000100000000)
  eden space 126464K, 100% used [0x00000000e0000000,0x00000000e7b80000,0x00000000e7b80000)
  from space 13312K, 0% used [0x00000000e8800000,0x00000000e8800000,0x00000000e9500000)
  to   space 12800K, 0% used [0x00000000e7b80000,0x00000000e7b80000,0x00000000e8800000)
 ParOldGen       total 178176K, used 16333K [0x00000000a0000000, 0x00000000aae00000, 0x00000000e0000000)
  object space 178176K, 9% used [0x00000000a0000000,0x00000000a0ff34f0,0x00000000aae00000)
 Metaspace       used 47819K, capacity 48714K, committed 49072K, reserved 1091584K
  class space    used 6485K, capacity 6783K, committed 6832K, reserved 1048576K
Event: 8.571 GC heap after
Heap after GC invocations=9 (full 2):
 PSYoungGen      total 139264K, used 12778K [0x00000000e0000000, 0x00000000ed100000, 0x0000000100000000)
  eden space 126464K, 0% used [0x00000000e0000000,0x00000000e0000000,0x00000000e7b80000)
  from space 12800K, 99% used [0x00000000e7b80000,0x00000000e87fab48,0x00000000e8800000)
  to   space 16384K, 0% used [0x00000000ec100000,0x00000000ec100000,0x00000000ed100000)
 ParOldGen       total 178176K, used 20878K [0x00000000a0000000, 0x00000000aae00000, 0x00000000e0000000)
  object space 178176K, 11% used [0x00000000a0000000,0x00000000a1463a70,0x00000000aae00000)
 Metaspace       used 47819K, capacity 48714K, committed 49072K, reserved 1091584K
  class space    used 6485K, capacity 6783K, committed 6832K, reserved 1048576K
}

