# JRE version: OpenJDK Runtime Environment (8.0_152-b06) (build 1.8.0_152-release-1136-b06)
# Java VM: OpenJDK 64-Bit Server VM (25.152-b06 mixed mode windows-amd64 compressed oops)
Heap:
 PSYoungGen      total 152576K, used 23181K [0x00000000e0000000, 0x00000000ef500000, 0x0000000100000000)
  eden space 139264K, 7% used [0x00000000e0000000,0x00000000e09a4c58,0x00000000e8800000)
  from space 13312K, 99% used [0x00000000e8800000,0x00000000e94fe8e0,0x00000000e9500000)
  to   space 13312K, 0% used [0x00000000e9500000,0x00000000e9500000,0x00000000ea200000)
 ParOldGen       total 141824K, used 16732K [0x00000000a0000000, 0x00000000a8a80000, 0x00000000e0000000)
  object space 141824K, 11% used [0x00000000a0000000,0x00000000a1057320,0x00000000a8a80000)
 Metaspace       used 46098K, capacity 46920K, committed 47192K, reserved 1089536K
  class space    used 6251K, capacity 6511K, committed 6528K, reserved 1048576K
GC Heap History (10 events):
Event: 3.201 GC heap before
{Heap before GC invocations=5 (full 1):
 PSYoungGen      total 76288K, used 65536K [0x00000000e0000000, 0x00000000e9500000, 0x0000000100000000)
  eden space 65536K, 100% used [0x00000000e0000000,0x00000000e4000000,0x00000000e4000000)
  from space 10752K, 0% used [0x00000000e4000000,0x00000000e4000000,0x00000000e4a80000)
  to   space 10752K, 0% used [0x00000000e8a80000,0x00000000e8a80000,0x00000000e9500000)
 ParOldGen       total 108544K, used 8717K [0x00000000a0000000, 0x00000000a6a00000, 0x00000000e0000000)
  object space 108544K, 8% used [0x00000000a0000000,0x00000000a0883540,0x00000000a6a00000)
 Metaspace       used 26322K, capacity 26694K, committed 26880K, reserved 1073152K
  class space    used 3619K, capacity 3743K, committed 3840K, reserved 1048576K
Event: 3.209 GC heap after
Heap after GC invocations=5 (full 1):
 PSYoungGen      total 103424K, used 6834K [0x00000000e0000000, 0x00000000e9180000, 0x0000000100000000)
  eden space 96256K, 0% used [0x00000000e0000000,0x00000000e0000000,0x00000000e5e00000)
  from space 7168K, 95% used [0x00000000e8a80000,0x00000000e912c858,0x00000000e9180000)
  to   space 10752K, 0% used [0x00000000e7c80000,0x00000000e7c80000,0x00000000e8700000)
 ParOldGen       total 108544K, used 8725K [0x00000000a0000000, 0x00000000a6a00000, 0x00000000e0000000)
  object space 108544K, 8% used [0x00000000a0000000,0x00000000a0885540,0x00000000a6a00000)
 Metaspace       used 26322K, capacity 26694K, committed 26880K, reserved 1073152K
  class space    used 3619K, capacity 3743K, committed 3840K, reserved 1048576K
}
Event: 4.152 GC heap before
{Heap before GC invocations=6 (full 1):
 PSYoungGen      total 103424K, used 103090K [0x00000000e0000000, 0x00000000e9180000, 0x0000000100000000)
  eden space 96256K, 100% used [0x00000000e0000000,0x00000000e5e00000,0x00000000e5e00000)
  from space 7168K, 95% used [0x00000000e8a80000,0x00000000e912c858,0x00000000e9180000)
  to   space 10752K, 0% used [0x00000000e7c80000,0x00000000e7c80000,0x00000000e8700000)
 ParOldGen       total 108544K, used 8725K [0x00000000a0000000, 0x00000000a6a00000, 0x00000000e0000000)
  object space 108544K, 8% used [0x00000000a0000000,0x00000000a0885540,0x00000000a6a00000)
 Metaspace       used 34170K, capacity 34802K, committed 34944K, reserved 1079296K
  class space    used 4737K, capacity 4935K, committed 4992K, reserved 1048576K
Event: 4.162 GC heap after
Heap after GC invocations=6 (full 1):
 PSYoungGen      total 138240K, used 10742K [0x00000000e0000000, 0x00000000ea200000, 0x0000000100000000)
  eden space 127488K, 0% used [0x00000000e0000000,0x00000000e0000000,0x00000000e7c80000)
  from space 10752K, 99% used [0x00000000e7c80000,0x00000000e86fdaa0,0x00000000e8700000)
  to   space 13312K, 0% used [0x00000000e9500000,0x00000000e9500000,0x00000000ea200000)
 ParOldGen       total 108544K, used 10619K [0x00000000a0000000, 0x00000000a6a00000, 0x00000000e0000000)
  object space 108544K, 9% used [0x00000000a0000000,0x00000000a0a5ec10,0x00000000a6a00000)
 Metaspace       used 34170K, capacity 34802K, committed 34944K, reserved 1079296K
  class space    used 4737K, capacity 4935K, committed 4992K, reserved 1048576K
}
Event: 4.190 GC heap before
{Heap before GC invocations=7 (full 1):
 PSYoungGen      total 138240K, used 15143K [0x00000000e0000000, 0x00000000ea200000, 0x0000000100000000)
  eden space 127488K, 3% used [0x00000000e0000000,0x00000000e044c508,0x00000000e7c80000)
  from space 10752K, 99% used [0x00000000e7c80000,0x00000000e86fdaa0,0x00000000e8700000)
  to   space 13312K, 0% used [0x00000000e9500000,0x00000000e9500000,0x00000000ea200000)
 ParOldGen       total 108544K, used 10619K [0x00000000a0000000, 0x00000000a6a00000, 0x00000000e0000000)
  object space 108544K, 9% used [0x00000000a0000000,0x00000000a0a5ec10,0x00000000a6a00000)
 Metaspace       used 34670K, capacity 35242K, committed 35416K, reserved 1079296K
  class space    used 4792K, capacity 4977K, committed 4992K, reserved 1048576K
Event: 4.196 GC heap after
Heap after GC invocations=7 (full 1):
 PSYoungGen      total 152576K, used 7041K [0x00000000e0000000, 0x00000000ef500000, 0x0000000100000000)
  eden space 139264K, 0% used [0x00000000e0000000,0x00000000e0000000,0x00000000e8800000)
  from space 13312K, 52% used [0x00000000e9500000,0x00000000e9be0660,0x00000000ea200000)
  to   space 13312K, 0% used [0x00000000e8800000,0x00000000e8800000,0x00000000e9500000)
 ParOldGen       total 108544K, used 10627K [0x00000000a0000000, 0x00000000a6a00000, 0x00000000e0000000)
  object space 108544K, 9% used [0x00000000a0000000,0x00000000a0a60c10,0x00000000a6a00000)
 Metaspace       used 34670K, capacity 35242K, committed 35416K, reserved 1079296K
  class space    used 4792K, capacity 4977K, committed 4992K, reserved 1048576K
}
Event: 4.196 GC heap before
{Heap before GC invocations=8 (full 2):
 PSYoungGen      total 152576K, used 7041K [0x00000000e0000000, 0x00000000ef500000, 0x0000000100000000)
  eden space 139264K, 0% used [0x00000000e0000000,0x00000000e0000000,0x00000000e8800000)
  from space 13312K, 52% used [0x00000000e9500000,0x00000000e9be0660,0x00000000ea200000)
  to   space 13312K, 0% used [0x00000000e8800000,0x00000000e8800000,0x00000000e9500000)
 ParOldGen       total 108544K, used 10627K [0x00000000a0000000, 0x00000000a6a00000, 0x00000000e0000000)
  object space 108544K, 9% used [0x00000000a0000000,0x00000000a0a60c10,0x00000000a6a00000)
 Metaspace       used 34670K, capacity 35242K, committed 35416K, reserved 1079296K
  class space    used 4792K, capacity 4977K, committed 4992K, reserved 1048576K
Event: 4.236 GC heap after
Heap after GC invocations=8 (full 2):
 PSYoungGen      total 152576K, used 0K [0x00000000e0000000, 0x00000000ef500000, 0x0000000100000000)
  eden space 139264K, 0% used [0x00000000e0000000,0x00000000e0000000,0x00000000e8800000)
  from space 13312K, 0% used [0x00000000e9500000,0x00000000e9500000,0x00000000ea200000)
  to   space 13312K, 0% used [0x00000000e8800000,0x00000000e8800000,0x00000000e9500000)
 ParOldGen       total 141824K, used 13924K [0x00000000a0000000, 0x00000000a8a80000, 0x00000000e0000000)
  object space 141824K, 9% used [0x00000000a0000000,0x00000000a0d99398,0x00000000a8a80000)
 Metaspace       used 34670K, capacity 35242K, committed 35416K, reserved 1079296K
  class space    used 4792K, capacity 4977K, committed 4992K, reserved 1048576K
}
Event: 5.549 GC heap before
{Heap before GC invocations=9 (full 2):
 PSYoungGen      total 152576K, used 139264K [0x00000000e0000000, 0x00000000ef500000, 0x0000000100000000)
  eden space 139264K, 100% used [0x00000000e0000000,0x00000000e8800000,0x00000000e8800000)
  from space 13312K, 0% used [0x00000000e9500000,0x00000000e9500000,0x00000000ea200000)
  to   space 13312K, 0% used [0x00000000e8800000,0x00000000e8800000,0x00000000e9500000)
 ParOldGen       total 141824K, used 13924K [0x00000000a0000000, 0x00000000a8a80000, 0x00000000e0000000)
  object space 141824K, 9% used [0x00000000a0000000,0x00000000a0d99398,0x00000000a8a80000)
 Metaspace       used 43592K, capacity 44490K, committed 44632K, reserved 1087488K
  class space    used 5949K, capacity 6218K, committed 6272K, reserved 1048576K
Event: 5.564 GC heap after
Heap after GC invocations=9 (full 2):
 PSYoungGen      total 152576K, used 13306K [0x00000000e0000000, 0x00000000ef500000, 0x0000000100000000)
  eden space 139264K, 0% used [0x00000000e0000000,0x00000000e0000000,0x00000000e8800000)
  from space 13312K, 99% used [0x00000000e8800000,0x00000000e94fe8e0,0x00000000e9500000)
  to   space 13312K, 0% used [0x00000000e9500000,0x00000000e9500000,0x00000000ea200000)
 ParOldGen       total 141824K, used 16732K [0x00000000a0000000, 0x00000000a8a80000, 0x00000000e0000000)
  object space 141824K, 11% used [0x00000000a0000000,0x00000000a1057320,0x00000000a8a80000)
 Metaspace       used 43592K, capacity 44490K, committed 44632K, reserved 1087488K
  class space    used 5949K, capacity 6218K, committed 6272K, reserved 1048576K
}

