# JRE version: OpenJDK Runtime Environment (8.0_152-b06) (build 1.8.0_152-release-1136-b06)
# Java VM: OpenJDK 64-Bit Server VM (25.152-b06 mixed mode windows-amd64 compressed oops)
Heap:
 PSYoungGen      total 150016K, used 24752K [0x00000000e0000000, 0x00000000eea80000, 0x0000000100000000)
  eden space 136704K, 18% used [0x00000000e0000000,0x00000000e182c3c0,0x00000000e8580000)
  from space 13312K, 0% used [0x00000000e9280000,0x00000000e9280000,0x00000000e9f80000)
  to   space 13312K, 0% used [0x00000000e8580000,0x00000000e8580000,0x00000000e9280000)
 ParOldGen       total 109568K, used 14364K [0x00000000a0000000, 0x00000000a6b00000, 0x00000000e0000000)
  object space 109568K, 13% used [0x00000000a0000000,0x00000000a0e07120,0x00000000a6b00000)
 Metaspace       used 36603K, capacity 37426K, committed 37632K, reserved 1081344K
  class space    used 5048K, capacity 5329K, committed 5376K, reserved 1048576K
GC Heap History (10 events):
Event: 3.051 GC heap before
{Heap before GC invocations=4 (full 1):
 PSYoungGen      total 76288K, used 8839K [0x00000000e0000000, 0x00000000e9500000, 0x0000000100000000)
  eden space 65536K, 0% used [0x00000000e0000000,0x00000000e0000000,0x00000000e4000000)
  from space 10752K, 82% used [0x00000000e4000000,0x00000000e48a1e88,0x00000000e4a80000)
  to   space 10752K, 0% used [0x00000000e8a80000,0x00000000e8a80000,0x00000000e9500000)
 ParOldGen       total 175104K, used 54K [0x00000000a0000000, 0x00000000aab00000, 0x00000000e0000000)
  object space 175104K, 0% used [0x00000000a0000000,0x00000000a000dae8,0x00000000aab00000)
 Metaspace       used 20848K, capacity 21236K, committed 21248K, reserved 1067008K
  class space    used 2927K, capacity 3072K, committed 3072K, reserved 1048576K
Event: 3.103 GC heap after
Heap after GC invocations=4 (full 1):
 PSYoungGen      total 76288K, used 0K [0x00000000e0000000, 0x00000000e9500000, 0x0000000100000000)
  eden space 65536K, 0% used [0x00000000e0000000,0x00000000e0000000,0x00000000e4000000)
  from space 10752K, 0% used [0x00000000e4000000,0x00000000e4000000,0x00000000e4a80000)
  to   space 10752K, 0% used [0x00000000e8a80000,0x00000000e8a80000,0x00000000e9500000)
 ParOldGen       total 109568K, used 8634K [0x00000000a0000000, 0x00000000a6b00000, 0x00000000e0000000)
  object space 109568K, 7% used [0x00000000a0000000,0x00000000a086ebf0,0x00000000a6b00000)
 Metaspace       used 20848K, capacity 21236K, committed 21248K, reserved 1067008K
  class space    used 2927K, capacity 3072K, committed 3072K, reserved 1048576K
}
Event: 3.914 GC heap before
{Heap before GC invocations=5 (full 1):
 PSYoungGen      total 76288K, used 65536K [0x00000000e0000000, 0x00000000e9500000, 0x0000000100000000)
  eden space 65536K, 100% used [0x00000000e0000000,0x00000000e4000000,0x00000000e4000000)
  from space 10752K, 0% used [0x00000000e4000000,0x00000000e4000000,0x00000000e4a80000)
  to   space 10752K, 0% used [0x00000000e8a80000,0x00000000e8a80000,0x00000000e9500000)
 ParOldGen       total 109568K, used 8634K [0x00000000a0000000, 0x00000000a6b00000, 0x00000000e0000000)
  object space 109568K, 7% used [0x00000000a0000000,0x00000000a086ebf0,0x00000000a6b00000)
 Metaspace       used 26526K, capacity 26958K, committed 27136K, reserved 1073152K
  class space    used 3638K, capacity 3797K, committed 3840K, reserved 1048576K
Event: 3.923 GC heap after
Heap after GC invocations=5 (full 1):
 PSYoungGen      total 102400K, used 6993K [0x00000000e0000000, 0x00000000e9180000, 0x0000000100000000)
  eden space 95232K, 0% used [0x00000000e0000000,0x00000000e0000000,0x00000000e5d00000)
  from space 7168K, 97% used [0x00000000e8a80000,0x00000000e91546f0,0x00000000e9180000)
  to   space 10752K, 0% used [0x00000000e7c80000,0x00000000e7c80000,0x00000000e8700000)
 ParOldGen       total 109568K, used 8642K [0x00000000a0000000, 0x00000000a6b00000, 0x00000000e0000000)
  object space 109568K, 7% used [0x00000000a0000000,0x00000000a0870bf0,0x00000000a6b00000)
 Metaspace       used 26526K, capacity 26958K, committed 27136K, reserved 1073152K
  class space    used 3638K, capacity 3797K, committed 3840K, reserved 1048576K
}
Event: 5.130 GC heap before
{Heap before GC invocations=6 (full 1):
 PSYoungGen      total 102400K, used 102225K [0x00000000e0000000, 0x00000000e9180000, 0x0000000100000000)
  eden space 95232K, 100% used [0x00000000e0000000,0x00000000e5d00000,0x00000000e5d00000)
  from space 7168K, 97% used [0x00000000e8a80000,0x00000000e91546f0,0x00000000e9180000)
  to   space 10752K, 0% used [0x00000000e7c80000,0x00000000e7c80000,0x00000000e8700000)
 ParOldGen       total 109568K, used 8642K [0x00000000a0000000, 0x00000000a6b00000, 0x00000000e0000000)
  object space 109568K, 7% used [0x00000000a0000000,0x00000000a0870bf0,0x00000000a6b00000)
 Metaspace       used 33756K, capacity 34394K, committed 34688K, reserved 1079296K
  class space    used 4733K, capacity 4957K, committed 4992K, reserved 1048576K
Event: 5.143 GC heap after
Heap after GC invocations=6 (full 1):
 PSYoungGen      total 138240K, used 10747K [0x00000000e0000000, 0x00000000e9f80000, 0x0000000100000000)
  eden space 127488K, 0% used [0x00000000e0000000,0x00000000e0000000,0x00000000e7c80000)
  from space 10752K, 99% used [0x00000000e7c80000,0x00000000e86fef08,0x00000000e8700000)
  to   space 13312K, 0% used [0x00000000e9280000,0x00000000e9280000,0x00000000e9f80000)
 ParOldGen       total 109568K, used 10255K [0x00000000a0000000, 0x00000000a6b00000, 0x00000000e0000000)
  object space 109568K, 9% used [0x00000000a0000000,0x00000000a0a03c48,0x00000000a6b00000)
 Metaspace       used 33756K, capacity 34394K, committed 34688K, reserved 1079296K
  class space    used 4733K, capacity 4957K, committed 4992K, reserved 1048576K
}
Event: 5.198 GC heap before
{Heap before GC invocations=7 (full 1):
 PSYoungGen      total 138240K, used 16808K [0x00000000e0000000, 0x00000000e9f80000, 0x0000000100000000)
  eden space 127488K, 4% used [0x00000000e0000000,0x00000000e05eb408,0x00000000e7c80000)
  from space 10752K, 99% used [0x00000000e7c80000,0x00000000e86fef08,0x00000000e8700000)
  to   space 13312K, 0% used [0x00000000e9280000,0x00000000e9280000,0x00000000e9f80000)
 ParOldGen       total 109568K, used 10255K [0x00000000a0000000, 0x00000000a6b00000, 0x00000000e0000000)
  object space 109568K, 9% used [0x00000000a0000000,0x00000000a0a03c48,0x00000000a6b00000)
 Metaspace       used 34698K, capacity 35304K, committed 35416K, reserved 1079296K
  class space    used 4815K, capacity 5028K, committed 5120K, reserved 1048576K
Event: 5.204 GC heap after
Heap after GC invocations=7 (full 1):
 PSYoungGen      total 150016K, used 7707K [0x00000000e0000000, 0x00000000eea80000, 0x0000000100000000)
  eden space 136704K, 0% used [0x00000000e0000000,0x00000000e0000000,0x00000000e8580000)
  from space 13312K, 57% used [0x00000000e9280000,0x00000000e9a06eb8,0x00000000e9f80000)
  to   space 13312K, 0% used [0x00000000e8580000,0x00000000e8580000,0x00000000e9280000)
 ParOldGen       total 109568K, used 10263K [0x00000000a0000000, 0x00000000a6b00000, 0x00000000e0000000)
  object space 109568K, 9% used [0x00000000a0000000,0x00000000a0a05c48,0x00000000a6b00000)
 Metaspace       used 34698K, capacity 35304K, committed 35416K, reserved 1079296K
  class space    used 4815K, capacity 5028K, committed 5120K, reserved 1048576K
}
Event: 5.204 GC heap before
{Heap before GC invocations=8 (full 2):
 PSYoungGen      total 150016K, used 7707K [0x00000000e0000000, 0x00000000eea80000, 0x0000000100000000)
  eden space 136704K, 0% used [0x00000000e0000000,0x00000000e0000000,0x00000000e8580000)
  from space 13312K, 57% used [0x00000000e9280000,0x00000000e9a06eb8,0x00000000e9f80000)
  to   space 13312K, 0% used [0x00000000e8580000,0x00000000e8580000,0x00000000e9280000)
 ParOldGen       total 109568K, used 10263K [0x00000000a0000000, 0x00000000a6b00000, 0x00000000e0000000)
  object space 109568K, 9% used [0x00000000a0000000,0x00000000a0a05c48,0x00000000a6b00000)
 Metaspace       used 34698K, capacity 35304K, committed 35416K, reserved 1079296K
  class space    used 4815K, capacity 5028K, committed 5120K, reserved 1048576K
Event: 5.250 GC heap after
Heap after GC invocations=8 (full 2):
 PSYoungGen      total 150016K, used 0K [0x00000000e0000000, 0x00000000eea80000, 0x0000000100000000)
  eden space 136704K, 0% used [0x00000000e0000000,0x00000000e0000000,0x00000000e8580000)
  from space 13312K, 0% used [0x00000000e9280000,0x00000000e9280000,0x00000000e9f80000)
  to   space 13312K, 0% used [0x00000000e8580000,0x00000000e8580000,0x00000000e9280000)
 ParOldGen       total 109568K, used 14364K [0x00000000a0000000, 0x00000000a6b00000, 0x00000000e0000000)
  object space 109568K, 13% used [0x00000000a0000000,0x00000000a0e07120,0x00000000a6b00000)
 Metaspace       used 34698K, capacity 35304K, committed 35416K, reserved 1079296K
  class space    used 4815K, capacity 5028K, committed 5120K, reserved 1048576K
}

