# JRE version: OpenJDK Runtime Environment (8.0_152-b06) (build 1.8.0_152-release-1136-b06)
# Java VM: OpenJDK 64-Bit Server VM (25.152-b06 mixed mode windows-amd64 compressed oops)
Heap:
 PSYoungGen      total 155136K, used 141824K [0x00000000e0000000, 0x00000000eff00000, 0x0000000100000000)
  eden space 141824K, 100% used [0x00000000e0000000,0x00000000e8a80000,0x00000000e8a80000)
  from space 13312K, 0% used [0x00000000e9780000,0x00000000e9780000,0x00000000ea480000)
  to   space 13312K, 0% used [0x00000000e8a80000,0x00000000e8a80000,0x00000000e9780000)
 ParOldGen       total 134144K, used 14025K [0x00000000a0000000, 0x00000000a8300000, 0x00000000e0000000)
  object space 134144K, 10% used [0x00000000a0000000,0x00000000a0db2720,0x00000000a8300000)
 Metaspace       used 43650K, capacity 44548K, committed 44672K, reserved 1087488K
  class space    used 5962K, capacity 6259K, committed 6272K, reserved 1048576K
GC Heap History (10 events):
Event: 2.548 GC heap before
{Heap before GC invocations=4 (full 1):
 PSYoungGen      total 76288K, used 8878K [0x00000000e0000000, 0x00000000e9500000, 0x0000000100000000)
  eden space 65536K, 0% used [0x00000000e0000000,0x00000000e0000000,0x00000000e4000000)
  from space 10752K, 82% used [0x00000000e4000000,0x00000000e48abae8,0x00000000e4a80000)
  to   space 10752K, 0% used [0x00000000e8a80000,0x00000000e8a80000,0x00000000e9500000)
 ParOldGen       total 175104K, used 32K [0x00000000a0000000, 0x00000000aab00000, 0x00000000e0000000)
  object space 175104K, 0% used [0x00000000a0000000,0x00000000a0008010,0x00000000aab00000)
 Metaspace       used 20840K, capacity 21236K, committed 21248K, reserved 1067008K
  class space    used 2926K, capacity 3072K, committed 3072K, reserved 1048576K
Event: 2.587 GC heap after
Heap after GC invocations=4 (full 1):
 PSYoungGen      total 76288K, used 0K [0x00000000e0000000, 0x00000000e9500000, 0x0000000100000000)
  eden space 65536K, 0% used [0x00000000e0000000,0x00000000e0000000,0x00000000e4000000)
  from space 10752K, 0% used [0x00000000e4000000,0x00000000e4000000,0x00000000e4a80000)
  to   space 10752K, 0% used [0x00000000e8a80000,0x00000000e8a80000,0x00000000e9500000)
 ParOldGen       total 107520K, used 8659K [0x00000000a0000000, 0x00000000a6900000, 0x00000000e0000000)
  object space 107520K, 8% used [0x00000000a0000000,0x00000000a0874e78,0x00000000a6900000)
 Metaspace       used 20840K, capacity 21236K, committed 21248K, reserved 1067008K
  class space    used 2926K, capacity 3072K, committed 3072K, reserved 1048576K
}
Event: 3.328 GC heap before
{Heap before GC invocations=5 (full 1):
 PSYoungGen      total 76288K, used 65536K [0x00000000e0000000, 0x00000000e9500000, 0x0000000100000000)
  eden space 65536K, 100% used [0x00000000e0000000,0x00000000e4000000,0x00000000e4000000)
  from space 10752K, 0% used [0x00000000e4000000,0x00000000e4000000,0x00000000e4a80000)
  to   space 10752K, 0% used [0x00000000e8a80000,0x00000000e8a80000,0x00000000e9500000)
 ParOldGen       total 107520K, used 8673K [0x00000000a0000000, 0x00000000a6900000, 0x00000000e0000000)
  object space 107520K, 8% used [0x00000000a0000000,0x00000000a0878690,0x00000000a6900000)
 Metaspace       used 26512K, capacity 26958K, committed 27136K, reserved 1073152K
  class space    used 3638K, capacity 3797K, committed 3840K, reserved 1048576K
Event: 3.335 GC heap after
Heap after GC invocations=5 (full 1):
 PSYoungGen      total 103424K, used 7056K [0x00000000e0000000, 0x00000000e9180000, 0x0000000100000000)
  eden space 96256K, 0% used [0x00000000e0000000,0x00000000e0000000,0x00000000e5e00000)
  from space 7168K, 98% used [0x00000000e8a80000,0x00000000e91640d8,0x00000000e9180000)
  to   space 10752K, 0% used [0x00000000e7c80000,0x00000000e7c80000,0x00000000e8700000)
 ParOldGen       total 107520K, used 8681K [0x00000000a0000000, 0x00000000a6900000, 0x00000000e0000000)
  object space 107520K, 8% used [0x00000000a0000000,0x00000000a087a690,0x00000000a6900000)
 Metaspace       used 26512K, capacity 26958K, committed 27136K, reserved 1073152K
  class space    used 3638K, capacity 3797K, committed 3840K, reserved 1048576K
}
Event: 4.292 GC heap before
{Heap before GC invocations=6 (full 1):
 PSYoungGen      total 103424K, used 103307K [0x00000000e0000000, 0x00000000e9180000, 0x0000000100000000)
  eden space 96256K, 99% used [0x00000000e0000000,0x00000000e5dfeb70,0x00000000e5e00000)
  from space 7168K, 98% used [0x00000000e8a80000,0x00000000e91640d8,0x00000000e9180000)
  to   space 10752K, 0% used [0x00000000e7c80000,0x00000000e7c80000,0x00000000e8700000)
 ParOldGen       total 107520K, used 8681K [0x00000000a0000000, 0x00000000a6900000, 0x00000000e0000000)
  object space 107520K, 8% used [0x00000000a0000000,0x00000000a087a690,0x00000000a6900000)
 Metaspace       used 34148K, capacity 34810K, committed 34944K, reserved 1079296K
  class space    used 4765K, capacity 4989K, committed 4992K, reserved 1048576K
Event: 4.306 GC heap after
Heap after GC invocations=6 (full 1):
 PSYoungGen      total 138240K, used 10743K [0x00000000e0000000, 0x00000000ea480000, 0x0000000100000000)
  eden space 127488K, 0% used [0x00000000e0000000,0x00000000e0000000,0x00000000e7c80000)
  from space 10752K, 99% used [0x00000000e7c80000,0x00000000e86fdc88,0x00000000e8700000)
  to   space 13312K, 0% used [0x00000000e9780000,0x00000000e9780000,0x00000000ea480000)
 ParOldGen       total 107520K, used 10613K [0x00000000a0000000, 0x00000000a6900000, 0x00000000e0000000)
  object space 107520K, 9% used [0x00000000a0000000,0x00000000a0a5d730,0x00000000a6900000)
 Metaspace       used 34148K, capacity 34810K, committed 34944K, reserved 1079296K
  class space    used 4765K, capacity 4989K, committed 4992K, reserved 1048576K
}
Event: 4.329 GC heap before
{Heap before GC invocations=7 (full 1):
 PSYoungGen      total 138240K, used 14822K [0x00000000e0000000, 0x00000000ea480000, 0x0000000100000000)
  eden space 127488K, 3% used [0x00000000e0000000,0x00000000e03fbf48,0x00000000e7c80000)
  from space 10752K, 99% used [0x00000000e7c80000,0x00000000e86fdc88,0x00000000e8700000)
  to   space 13312K, 0% used [0x00000000e9780000,0x00000000e9780000,0x00000000ea480000)
 ParOldGen       total 107520K, used 10613K [0x00000000a0000000, 0x00000000a6900000, 0x00000000e0000000)
  object space 107520K, 9% used [0x00000000a0000000,0x00000000a0a5d730,0x00000000a6900000)
 Metaspace       used 34687K, capacity 35304K, committed 35416K, reserved 1079296K
  class space    used 4811K, capacity 5028K, committed 5120K, reserved 1048576K
Event: 4.338 GC heap after
Heap after GC invocations=7 (full 1):
 PSYoungGen      total 155136K, used 7357K [0x00000000e0000000, 0x00000000eff00000, 0x0000000100000000)
  eden space 141824K, 0% used [0x00000000e0000000,0x00000000e0000000,0x00000000e8a80000)
  from space 13312K, 55% used [0x00000000e9780000,0x00000000e9eaf4b8,0x00000000ea480000)
  to   space 13312K, 0% used [0x00000000e8a80000,0x00000000e8a80000,0x00000000e9780000)
 ParOldGen       total 107520K, used 10621K [0x00000000a0000000, 0x00000000a6900000, 0x00000000e0000000)
  object space 107520K, 9% used [0x00000000a0000000,0x00000000a0a5f730,0x00000000a6900000)
 Metaspace       used 34687K, capacity 35304K, committed 35416K, reserved 1079296K
  class space    used 4811K, capacity 5028K, committed 5120K, reserved 1048576K
}
Event: 4.338 GC heap before
{Heap before GC invocations=8 (full 2):
 PSYoungGen      total 155136K, used 7357K [0x00000000e0000000, 0x00000000eff00000, 0x0000000100000000)
  eden space 141824K, 0% used [0x00000000e0000000,0x00000000e0000000,0x00000000e8a80000)
  from space 13312K, 55% used [0x00000000e9780000,0x00000000e9eaf4b8,0x00000000ea480000)
  to   space 13312K, 0% used [0x00000000e8a80000,0x00000000e8a80000,0x00000000e9780000)
 ParOldGen       total 107520K, used 10621K [0x00000000a0000000, 0x00000000a6900000, 0x00000000e0000000)
  object space 107520K, 9% used [0x00000000a0000000,0x00000000a0a5f730,0x00000000a6900000)
 Metaspace       used 34687K, capacity 35304K, committed 35416K, reserved 1079296K
  class space    used 4811K, capacity 5028K, committed 5120K, reserved 1048576K
Event: 4.382 GC heap after
Heap after GC invocations=8 (full 2):
 PSYoungGen      total 155136K, used 0K [0x00000000e0000000, 0x00000000eff00000, 0x0000000100000000)
  eden space 141824K, 0% used [0x00000000e0000000,0x00000000e0000000,0x00000000e8a80000)
  from space 13312K, 0% used [0x00000000e9780000,0x00000000e9780000,0x00000000ea480000)
  to   space 13312K, 0% used [0x00000000e8a80000,0x00000000e8a80000,0x00000000e9780000)
 ParOldGen       total 134144K, used 14025K [0x00000000a0000000, 0x00000000a8300000, 0x00000000e0000000)
  object space 134144K, 10% used [0x00000000a0000000,0x00000000a0db2720,0x00000000a8300000)
 Metaspace       used 34687K, capacity 35304K, committed 35416K, reserved 1079296K
  class space    used 4811K, capacity 5028K, committed 5120K, reserved 1048576K
}

