# JRE version: OpenJDK Runtime Environment (8.0_152-b06) (build 1.8.0_152-release-1136-b06)
# Java VM: OpenJDK 64-Bit Server VM (25.152-b06 mixed mode windows-amd64 compressed oops)
Heap:
 PSYoungGen      total 166912K, used 90063K [0x00000000e0000000, 0x00000000ed280000, 0x0000000100000000)
  eden space 125440K, 51% used [0x00000000e0000000,0x00000000e3ecc800,0x00000000e7a80000)
  from space 41472K, 62% used [0x00000000ea480000,0x00000000ebda7568,0x00000000ecd00000)
  to   space 43008K, 0% used [0x00000000e7a80000,0x00000000e7a80000,0x00000000ea480000)
 ParOldGen       total 369152K, used 70468K [0x00000000a0000000, 0x00000000b6880000, 0x00000000e0000000)
  object space 369152K, 19% used [0x00000000a0000000,0x00000000a44d1210,0x00000000b6880000)
 Metaspace       used 91587K, capacity 96785K, committed 99672K, reserved 1136640K
  class space    used 11387K, capacity 12362K, committed 12928K, reserved 1048576K
GC Heap History (10 events):
Event: 26682.132 GC heap before
{Heap before GC invocations=70 (full 3):
 PSYoungGen      total 146944K, used 48637K [0x00000000e0000000, 0x00000000eb300000, 0x0000000100000000)
  eden space 117760K, 35% used [0x00000000e0000000,0x00000000e28f43d0,0x00000000e7300000)
  from space 29184K, 22% used [0x00000000e9680000,0x00000000e9d0b1a0,0x00000000eb300000)
  to   space 32768K, 0% used [0x00000000e7300000,0x00000000e7300000,0x00000000e9300000)
 ParOldGen       total 251392K, used 124230K [0x00000000a0000000, 0x00000000af580000, 0x00000000e0000000)
  object space 251392K, 49% used [0x00000000a0000000,0x00000000a7951888,0x00000000af580000)
 Metaspace       used 91972K, capacity 98259K, committed 98380K, reserved 1134592K
  class space    used 11616K, capacity 12791K, committed 12800K, reserved 1048576K
Event: 26682.147 GC heap after
Heap after GC invocations=70 (full 3):
 PSYoungGen      total 125440K, used 9420K [0x00000000e0000000, 0x00000000ead00000, 0x0000000100000000)
  eden space 115712K, 0% used [0x00000000e0000000,0x00000000e0000000,0x00000000e7100000)
  from space 9728K, 96% used [0x00000000e7300000,0x00000000e7c33058,0x00000000e7c80000)
  to   space 30720K, 0% used [0x00000000e8f00000,0x00000000e8f00000,0x00000000ead00000)
 ParOldGen       total 251392K, used 124270K [0x00000000a0000000, 0x00000000af580000, 0x00000000e0000000)
  object space 251392K, 49% used [0x00000000a0000000,0x00000000a795b888,0x00000000af580000)
 Metaspace       used 91972K, capacity 98259K, committed 98380K, reserved 1134592K
  class space    used 11616K, capacity 12791K, committed 12800K, reserved 1048576K
}
Event: 26682.147 GC heap before
{Heap before GC invocations=71 (full 4):
 PSYoungGen      total 125440K, used 9420K [0x00000000e0000000, 0x00000000ead00000, 0x0000000100000000)
  eden space 115712K, 0% used [0x00000000e0000000,0x00000000e0000000,0x00000000e7100000)
  from space 9728K, 96% used [0x00000000e7300000,0x00000000e7c33058,0x00000000e7c80000)
  to   space 30720K, 0% used [0x00000000e8f00000,0x00000000e8f00000,0x00000000ead00000)
 ParOldGen       total 251392K, used 124270K [0x00000000a0000000, 0x00000000af580000, 0x00000000e0000000)
  object space 251392K, 49% used [0x00000000a0000000,0x00000000a795b888,0x00000000af580000)
 Metaspace       used 91972K, capacity 98259K, committed 98380K, reserved 1134592K
  class space    used 11616K, capacity 12791K, committed 12800K, reserved 1048576K
Event: 26682.665 GC heap after
Heap after GC invocations=71 (full 4):
 PSYoungGen      total 125440K, used 0K [0x00000000e0000000, 0x00000000ead00000, 0x0000000100000000)
  eden space 115712K, 0% used [0x00000000e0000000,0x00000000e0000000,0x00000000e7100000)
  from space 9728K, 0% used [0x00000000e7300000,0x00000000e7300000,0x00000000e7c80000)
  to   space 30720K, 0% used [0x00000000e8f00000,0x00000000e8f00000,0x00000000ead00000)
 ParOldGen       total 369152K, used 52962K [0x00000000a0000000, 0x00000000b6880000, 0x00000000e0000000)
  object space 369152K, 14% used [0x00000000a0000000,0x00000000a33b8820,0x00000000b6880000)
 Metaspace       used 89789K, capacity 94915K, committed 98380K, reserved 1134592K
  class space    used 11184K, capacity 12119K, committed 12800K, reserved 1048576K
}
Event: 26689.306 GC heap before
{Heap before GC invocations=72 (full 4):
 PSYoungGen      total 125440K, used 115712K [0x00000000e0000000, 0x00000000ead00000, 0x0000000100000000)
  eden space 115712K, 100% used [0x00000000e0000000,0x00000000e7100000,0x00000000e7100000)
  from space 9728K, 0% used [0x00000000e7300000,0x00000000e7300000,0x00000000e7c80000)
  to   space 30720K, 0% used [0x00000000e8f00000,0x00000000e8f00000,0x00000000ead00000)
 ParOldGen       total 369152K, used 52962K [0x00000000a0000000, 0x00000000b6880000, 0x00000000e0000000)
  object space 369152K, 14% used [0x00000000a0000000,0x00000000a33b8820,0x00000000b6880000)
 Metaspace       used 91547K, capacity 96761K, committed 99672K, reserved 1136640K
  class space    used 11381K, capacity 12358K, committed 12928K, reserved 1048576K
Event: 26689.332 GC heap after
Heap after GC invocations=72 (full 4):
 PSYoungGen      total 146944K, used 13492K [0x00000000e0000000, 0x00000000eb100000, 0x0000000100000000)
  eden space 116224K, 0% used [0x00000000e0000000,0x00000000e0000000,0x00000000e7180000)
  from space 30720K, 43% used [0x00000000e8f00000,0x00000000e9c2d1c8,0x00000000ead00000)
  to   space 30208K, 0% used [0x00000000e7180000,0x00000000e7180000,0x00000000e8f00000)
 ParOldGen       total 369152K, used 52970K [0x00000000a0000000, 0x00000000b6880000, 0x00000000e0000000)
  object space 369152K, 14% used [0x00000000a0000000,0x00000000a33ba820,0x00000000b6880000)
 Metaspace       used 91547K, capacity 96761K, committed 99672K, reserved 1136640K
  class space    used 11381K, capacity 12358K, committed 12928K, reserved 1048576K
}
Event: 26692.918 GC heap before
{Heap before GC invocations=73 (full 4):
 PSYoungGen      total 146944K, used 129716K [0x00000000e0000000, 0x00000000eb100000, 0x0000000100000000)
  eden space 116224K, 100% used [0x00000000e0000000,0x00000000e7180000,0x00000000e7180000)
  from space 30720K, 43% used [0x00000000e8f00000,0x00000000e9c2d1c8,0x00000000ead00000)
  to   space 30208K, 0% used [0x00000000e7180000,0x00000000e7180000,0x00000000e8f00000)
 ParOldGen       total 369152K, used 52970K [0x00000000a0000000, 0x00000000b6880000, 0x00000000e0000000)
  object space 369152K, 14% used [0x00000000a0000000,0x00000000a33ba820,0x00000000b6880000)
 Metaspace       used 91577K, capacity 96779K, committed 99672K, reserved 1136640K
  class space    used 11386K, capacity 12361K, committed 12928K, reserved 1048576K
Event: 26693.087 GC heap after
Heap after GC invocations=73 (full 4):
 PSYoungGen      total 146432K, used 30188K [0x00000000e0000000, 0x00000000ecd00000, 0x0000000100000000)
  eden space 116224K, 0% used [0x00000000e0000000,0x00000000e0000000,0x00000000e7180000)
  from space 30208K, 99% used [0x00000000e7180000,0x00000000e8efb0d0,0x00000000e8f00000)
  to   space 41472K, 0% used [0x00000000ea480000,0x00000000ea480000,0x00000000ecd00000)
 ParOldGen       total 369152K, used 70468K [0x00000000a0000000, 0x00000000b6880000, 0x00000000e0000000)
  object space 369152K, 19% used [0x00000000a0000000,0x00000000a44d1210,0x00000000b6880000)
 Metaspace       used 91577K, capacity 96779K, committed 99672K, reserved 1136640K
  class space    used 11386K, capacity 12361K, committed 12928K, reserved 1048576K
}
Event: 26694.018 GC heap before
{Heap before GC invocations=74 (full 4):
 PSYoungGen      total 146432K, used 146379K [0x00000000e0000000, 0x00000000ecd00000, 0x0000000100000000)
  eden space 116224K, 99% used [0x00000000e0000000,0x00000000e7177bd8,0x00000000e7180000)
  from space 30208K, 99% used [0x00000000e7180000,0x00000000e8efb0d0,0x00000000e8f00000)
  to   space 41472K, 0% used [0x00000000ea480000,0x00000000ea480000,0x00000000ecd00000)
 ParOldGen       total 369152K, used 70468K [0x00000000a0000000, 0x00000000b6880000, 0x00000000e0000000)
  object space 369152K, 19% used [0x00000000a0000000,0x00000000a44d1210,0x00000000b6880000)
 Metaspace       used 91587K, capacity 96785K, committed 99672K, reserved 1136640K
  class space    used 11387K, capacity 12362K, committed 12928K, reserved 1048576K
Event: 26694.060 GC heap after
Heap after GC invocations=74 (full 4):
 PSYoungGen      total 166912K, used 25757K [0x00000000e0000000, 0x00000000ed280000, 0x0000000100000000)
  eden space 125440K, 0% used [0x00000000e0000000,0x00000000e0000000,0x00000000e7a80000)
  from space 41472K, 62% used [0x00000000ea480000,0x00000000ebda7568,0x00000000ecd00000)
  to   space 43008K, 0% used [0x00000000e7a80000,0x00000000e7a80000,0x00000000ea480000)
 ParOldGen       total 369152K, used 70468K [0x00000000a0000000, 0x00000000b6880000, 0x00000000e0000000)
  object space 369152K, 19% used [0x00000000a0000000,0x00000000a44d1210,0x00000000b6880000)
 Metaspace       used 91587K, capacity 96785K, committed 99672K, reserved 1136640K
  class space    used 11387K, capacity 12362K, committed 12928K, reserved 1048576K
}

