# JRE version: OpenJDK Runtime Environment (8.0_152-b06) (build 1.8.0_152-release-1136-b06)
# Java VM: OpenJDK 64-Bit Server VM (25.152-b06 mixed mode windows-amd64 compressed oops)
Heap:
 PSYoungGen      total 154112K, used 128394K [0x00000000e0000000, 0x00000000ee580000, 0x0000000100000000)
  eden space 140800K, 91% used [0x00000000e0000000,0x00000000e7d62ae0,0x00000000e8980000)
  from space 13312K, 0% used [0x00000000e9680000,0x00000000e9680000,0x00000000ea380000)
  to   space 13312K, 0% used [0x00000000e8980000,0x00000000e8980000,0x00000000e9680000)
 ParOldGen       total 109056K, used 16806K [0x00000000a0000000, 0x00000000a6a80000, 0x00000000e0000000)
  object space 109056K, 15% used [0x00000000a0000000,0x00000000a1069860,0x00000000a6a80000)
 Metaspace       used 43199K, capacity 44262K, committed 44376K, reserved 1087488K
  class space    used 5886K, capacity 6231K, committed 6232K, reserved 1048576K
GC Heap History (10 events):
Event: 3.289 GC heap before
{Heap before GC invocations=4 (full 1):
 PSYoungGen      total 76288K, used 8955K [0x00000000e0000000, 0x00000000e9500000, 0x0000000100000000)
  eden space 65536K, 0% used [0x00000000e0000000,0x00000000e0000000,0x00000000e4000000)
  from space 10752K, 83% used [0x00000000e4000000,0x00000000e48bee78,0x00000000e4a80000)
  to   space 10752K, 0% used [0x00000000e8a80000,0x00000000e8a80000,0x00000000e9500000)
 ParOldGen       total 175104K, used 32K [0x00000000a0000000, 0x00000000aab00000, 0x00000000e0000000)
  object space 175104K, 0% used [0x00000000a0000000,0x00000000a0008000,0x00000000aab00000)
 Metaspace       used 20817K, capacity 21192K, committed 21248K, reserved 1067008K
  class space    used 2923K, capacity 3039K, committed 3072K, reserved 1048576K
Event: 3.327 GC heap after
Heap after GC invocations=4 (full 1):
 PSYoungGen      total 76288K, used 0K [0x00000000e0000000, 0x00000000e9500000, 0x0000000100000000)
  eden space 65536K, 0% used [0x00000000e0000000,0x00000000e0000000,0x00000000e4000000)
  from space 10752K, 0% used [0x00000000e4000000,0x00000000e4000000,0x00000000e4a80000)
  to   space 10752K, 0% used [0x00000000e8a80000,0x00000000e8a80000,0x00000000e9500000)
 ParOldGen       total 109056K, used 8667K [0x00000000a0000000, 0x00000000a6a80000, 0x00000000e0000000)
  object space 109056K, 7% used [0x00000000a0000000,0x00000000a0876cf8,0x00000000a6a80000)
 Metaspace       used 20817K, capacity 21192K, committed 21248K, reserved 1067008K
  class space    used 2923K, capacity 3039K, committed 3072K, reserved 1048576K
}
Event: 4.089 GC heap before
{Heap before GC invocations=5 (full 1):
 PSYoungGen      total 76288K, used 65536K [0x00000000e0000000, 0x00000000e9500000, 0x0000000100000000)
  eden space 65536K, 100% used [0x00000000e0000000,0x00000000e4000000,0x00000000e4000000)
  from space 10752K, 0% used [0x00000000e4000000,0x00000000e4000000,0x00000000e4a80000)
  to   space 10752K, 0% used [0x00000000e8a80000,0x00000000e8a80000,0x00000000e9500000)
 ParOldGen       total 109056K, used 8667K [0x00000000a0000000, 0x00000000a6a80000, 0x00000000e0000000)
  object space 109056K, 7% used [0x00000000a0000000,0x00000000a0876cf8,0x00000000a6a80000)
 Metaspace       used 25963K, capacity 26448K, committed 26624K, reserved 1073152K
  class space    used 3641K, capacity 3800K, committed 3840K, reserved 1048576K
Event: 4.096 GC heap after
Heap after GC invocations=5 (full 1):
 PSYoungGen      total 102400K, used 6611K [0x00000000e0000000, 0x00000000e9100000, 0x0000000100000000)
  eden space 95744K, 0% used [0x00000000e0000000,0x00000000e0000000,0x00000000e5d80000)
  from space 6656K, 99% used [0x00000000e8a80000,0x00000000e90f4d70,0x00000000e9100000)
  to   space 10752K, 0% used [0x00000000e7c00000,0x00000000e7c00000,0x00000000e8680000)
 ParOldGen       total 109056K, used 8675K [0x00000000a0000000, 0x00000000a6a80000, 0x00000000e0000000)
  object space 109056K, 7% used [0x00000000a0000000,0x00000000a0878cf8,0x00000000a6a80000)
 Metaspace       used 25963K, capacity 26448K, committed 26624K, reserved 1073152K
  class space    used 3641K, capacity 3800K, committed 3840K, reserved 1048576K
}
Event: 5.316 GC heap before
{Heap before GC invocations=6 (full 1):
 PSYoungGen      total 102400K, used 102355K [0x00000000e0000000, 0x00000000e9100000, 0x0000000100000000)
  eden space 95744K, 100% used [0x00000000e0000000,0x00000000e5d80000,0x00000000e5d80000)
  from space 6656K, 99% used [0x00000000e8a80000,0x00000000e90f4d70,0x00000000e9100000)
  to   space 10752K, 0% used [0x00000000e7c00000,0x00000000e7c00000,0x00000000e8680000)
 ParOldGen       total 109056K, used 8675K [0x00000000a0000000, 0x00000000a6a80000, 0x00000000e0000000)
  object space 109056K, 7% used [0x00000000a0000000,0x00000000a0878cf8,0x00000000a6a80000)
 Metaspace       used 31240K, capacity 31942K, committed 32128K, reserved 1077248K
  class space    used 4412K, capacity 4650K, committed 4736K, reserved 1048576K
Event: 5.329 GC heap after
Heap after GC invocations=6 (full 1):
 PSYoungGen      total 137728K, used 10741K [0x00000000e0000000, 0x00000000ea380000, 0x0000000100000000)
  eden space 126976K, 0% used [0x00000000e0000000,0x00000000e0000000,0x00000000e7c00000)
  from space 10752K, 99% used [0x00000000e7c00000,0x00000000e867d6b8,0x00000000e8680000)
  to   space 13312K, 0% used [0x00000000e9680000,0x00000000e9680000,0x00000000ea380000)
 ParOldGen       total 109056K, used 10076K [0x00000000a0000000, 0x00000000a6a80000, 0x00000000e0000000)
  object space 109056K, 9% used [0x00000000a0000000,0x00000000a09d71d0,0x00000000a6a80000)
 Metaspace       used 31240K, capacity 31942K, committed 32128K, reserved 1077248K
  class space    used 4412K, capacity 4650K, committed 4736K, reserved 1048576K
}
Event: 5.581 GC heap before
{Heap before GC invocations=7 (full 1):
 PSYoungGen      total 137728K, used 27717K [0x00000000e0000000, 0x00000000ea380000, 0x0000000100000000)
  eden space 126976K, 13% used [0x00000000e0000000,0x00000000e10940b8,0x00000000e7c00000)
  from space 10752K, 99% used [0x00000000e7c00000,0x00000000e867d6b8,0x00000000e8680000)
  to   space 13312K, 0% used [0x00000000e9680000,0x00000000e9680000,0x00000000ea380000)
 ParOldGen       total 109056K, used 10076K [0x00000000a0000000, 0x00000000a6a80000, 0x00000000e0000000)
  object space 109056K, 9% used [0x00000000a0000000,0x00000000a09d71d0,0x00000000a6a80000)
 Metaspace       used 34521K, capacity 35292K, committed 35416K, reserved 1079296K
  class space    used 4860K, capacity 5153K, committed 5208K, reserved 1048576K
Event: 5.595 GC heap after
Heap after GC invocations=7 (full 1):
 PSYoungGen      total 154112K, used 10201K [0x00000000e0000000, 0x00000000ee580000, 0x0000000100000000)
  eden space 140800K, 0% used [0x00000000e0000000,0x00000000e0000000,0x00000000e8980000)
  from space 13312K, 76% used [0x00000000e9680000,0x00000000ea076430,0x00000000ea380000)
  to   space 13312K, 0% used [0x00000000e8980000,0x00000000e8980000,0x00000000e9680000)
 ParOldGen       total 109056K, used 10084K [0x00000000a0000000, 0x00000000a6a80000, 0x00000000e0000000)
  object space 109056K, 9% used [0x00000000a0000000,0x00000000a09d91d0,0x00000000a6a80000)
 Metaspace       used 34521K, capacity 35292K, committed 35416K, reserved 1079296K
  class space    used 4860K, capacity 5153K, committed 5208K, reserved 1048576K
}
Event: 5.595 GC heap before
{Heap before GC invocations=8 (full 2):
 PSYoungGen      total 154112K, used 10201K [0x00000000e0000000, 0x00000000ee580000, 0x0000000100000000)
  eden space 140800K, 0% used [0x00000000e0000000,0x00000000e0000000,0x00000000e8980000)
  from space 13312K, 76% used [0x00000000e9680000,0x00000000ea076430,0x00000000ea380000)
  to   space 13312K, 0% used [0x00000000e8980000,0x00000000e8980000,0x00000000e9680000)
 ParOldGen       total 109056K, used 10084K [0x00000000a0000000, 0x00000000a6a80000, 0x00000000e0000000)
  object space 109056K, 9% used [0x00000000a0000000,0x00000000a09d91d0,0x00000000a6a80000)
 Metaspace       used 34521K, capacity 35292K, committed 35416K, reserved 1079296K
  class space    used 4860K, capacity 5153K, committed 5208K, reserved 1048576K
Event: 5.663 GC heap after
Heap after GC invocations=8 (full 2):
 PSYoungGen      total 154112K, used 0K [0x00000000e0000000, 0x00000000ee580000, 0x0000000100000000)
  eden space 140800K, 0% used [0x00000000e0000000,0x00000000e0000000,0x00000000e8980000)
  from space 13312K, 0% used [0x00000000e9680000,0x00000000e9680000,0x00000000ea380000)
  to   space 13312K, 0% used [0x00000000e8980000,0x00000000e8980000,0x00000000e9680000)
 ParOldGen       total 109056K, used 16806K [0x00000000a0000000, 0x00000000a6a80000, 0x00000000e0000000)
  object space 109056K, 15% used [0x00000000a0000000,0x00000000a1069860,0x00000000a6a80000)
 Metaspace       used 34521K, capacity 35292K, committed 35416K, reserved 1079296K
  class space    used 4860K, capacity 5153K, committed 5208K, reserved 1048576K
}

