# JRE version: OpenJDK Runtime Environment (8.0_152-b06) (build 1.8.0_152-release-1136-b06)
# Java VM: OpenJDK 64-Bit Server VM (25.152-b06 mixed mode windows-amd64 compressed oops)
Heap:
 PSYoungGen      total 245248K, used 98984K [0x00000000e0000000, 0x00000000f2300000, 0x0000000100000000)
  eden space 227840K, 35% used [0x00000000e0000000,0x00000000e4fe55b8,0x00000000ede80000)
  from space 17408K, 98% used [0x00000000f1200000,0x00000000f22c4c28,0x00000000f2300000)
  to   space 28160K, 0% used [0x00000000eec00000,0x00000000eec00000,0x00000000f0780000)
 ParOldGen       total 273920K, used 47660K [0x00000000a0000000, 0x00000000b0b80000, 0x00000000e0000000)
  object space 273920K, 17% used [0x00000000a0000000,0x00000000a2e8b168,0x00000000b0b80000)
 Metaspace       used 65115K, capacity 67722K, committed 68056K, reserved 1107968K
  class space    used 8654K, capacity 9327K, committed 9432K, reserved 1048576K
GC Heap History (10 events):
Event: 6.099 GC heap before
{Heap before GC invocations=9 (full 2):
 PSYoungGen      total 153600K, used 140288K [0x00000000e0000000, 0x00000000edc00000, 0x0000000100000000)
  eden space 140288K, 100% used [0x00000000e0000000,0x00000000e8900000,0x00000000e8900000)
  from space 13312K, 0% used [0x00000000e9600000,0x00000000e9600000,0x00000000ea300000)
  to   space 13312K, 0% used [0x00000000e8900000,0x00000000e8900000,0x00000000e9600000)
 ParOldGen       total 172544K, used 16869K [0x00000000a0000000, 0x00000000aa880000, 0x00000000e0000000)
  object space 172544K, 9% used [0x00000000a0000000,0x00000000a10795e0,0x00000000aa880000)
 Metaspace       used 44116K, capacity 45194K, committed 45400K, reserved 1087488K
  class space    used 6031K, capacity 6391K, committed 6488K, reserved 1048576K
Event: 6.116 GC heap after
Heap after GC invocations=9 (full 2):
 PSYoungGen      total 153600K, used 13296K [0x00000000e0000000, 0x00000000ee380000, 0x0000000100000000)
  eden space 140288K, 0% used [0x00000000e0000000,0x00000000e0000000,0x00000000e8900000)
  from space 13312K, 99% used [0x00000000e8900000,0x00000000e95fc290,0x00000000e9600000)
  to   space 16384K, 0% used [0x00000000ed380000,0x00000000ed380000,0x00000000ee380000)
 ParOldGen       total 172544K, used 19925K [0x00000000a0000000, 0x00000000aa880000, 0x00000000e0000000)
  object space 172544K, 11% used [0x00000000a0000000,0x00000000a1375698,0x00000000aa880000)
 Metaspace       used 44116K, capacity 45194K, committed 45400K, reserved 1087488K
  class space    used 6031K, capacity 6391K, committed 6488K, reserved 1048576K
}
Event: 7.583 GC heap before
{Heap before GC invocations=10 (full 2):
 PSYoungGen      total 153600K, used 153584K [0x00000000e0000000, 0x00000000ee380000, 0x0000000100000000)
  eden space 140288K, 100% used [0x00000000e0000000,0x00000000e8900000,0x00000000e8900000)
  from space 13312K, 99% used [0x00000000e8900000,0x00000000e95fc290,0x00000000e9600000)
  to   space 16384K, 0% used [0x00000000ed380000,0x00000000ed380000,0x00000000ee380000)
 ParOldGen       total 172544K, used 19925K [0x00000000a0000000, 0x00000000aa880000, 0x00000000e0000000)
  object space 172544K, 11% used [0x00000000a0000000,0x00000000a1375698,0x00000000aa880000)
 Metaspace       used 55257K, capacity 57100K, committed 57304K, reserved 1097728K
  class space    used 7607K, capacity 8093K, committed 8152K, reserved 1048576K
Event: 7.604 GC heap after
Heap after GC invocations=10 (full 2):
 PSYoungGen      total 211456K, used 16382K [0x00000000e0000000, 0x00000000eec80000, 0x0000000100000000)
  eden space 195072K, 0% used [0x00000000e0000000,0x00000000e0000000,0x00000000ebe80000)
  from space 16384K, 99% used [0x00000000ed380000,0x00000000ee37fbd8,0x00000000ee380000)
  to   space 21504K, 0% used [0x00000000ebe80000,0x00000000ebe80000,0x00000000ed380000)
 ParOldGen       total 172544K, used 27585K [0x00000000a0000000, 0x00000000aa880000, 0x00000000e0000000)
  object space 172544K, 15% used [0x00000000a0000000,0x00000000a1af06f0,0x00000000aa880000)
 Metaspace       used 55257K, capacity 57100K, committed 57304K, reserved 1097728K
  class space    used 7607K, capacity 8093K, committed 8152K, reserved 1048576K
}
Event: 8.361 GC heap before
{Heap before GC invocations=11 (full 2):
 PSYoungGen      total 211456K, used 150910K [0x00000000e0000000, 0x00000000eec80000, 0x0000000100000000)
  eden space 195072K, 68% used [0x00000000e0000000,0x00000000e835ff68,0x00000000ebe80000)
  from space 16384K, 99% used [0x00000000ed380000,0x00000000ee37fbd8,0x00000000ee380000)
  to   space 21504K, 0% used [0x00000000ebe80000,0x00000000ebe80000,0x00000000ed380000)
 ParOldGen       total 172544K, used 27585K [0x00000000a0000000, 0x00000000aa880000, 0x00000000e0000000)
  object space 172544K, 15% used [0x00000000a0000000,0x00000000a1af06f0,0x00000000aa880000)
 Metaspace       used 56973K, capacity 58960K, committed 59028K, reserved 1099776K
  class space    used 7850K, capacity 8388K, committed 8408K, reserved 1048576K
Event: 8.389 GC heap after
Heap after GC invocations=11 (full 2):
 PSYoungGen      total 216576K, used 21478K [0x00000000e0000000, 0x00000000f2e00000, 0x0000000100000000)
  eden space 195072K, 0% used [0x00000000e0000000,0x00000000e0000000,0x00000000ebe80000)
  from space 21504K, 99% used [0x00000000ebe80000,0x00000000ed379bf8,0x00000000ed380000)
  to   space 28672K, 0% used [0x00000000f1200000,0x00000000f1200000,0x00000000f2e00000)
 ParOldGen       total 172544K, used 37538K [0x00000000a0000000, 0x00000000aa880000, 0x00000000e0000000)
  object space 172544K, 21% used [0x00000000a0000000,0x00000000a24a8820,0x00000000aa880000)
 Metaspace       used 56973K, capacity 58960K, committed 59028K, reserved 1099776K
  class space    used 7850K, capacity 8388K, committed 8408K, reserved 1048576K
}
Event: 8.389 GC heap before
{Heap before GC invocations=12 (full 3):
 PSYoungGen      total 216576K, used 21478K [0x00000000e0000000, 0x00000000f2e00000, 0x0000000100000000)
  eden space 195072K, 0% used [0x00000000e0000000,0x00000000e0000000,0x00000000ebe80000)
  from space 21504K, 99% used [0x00000000ebe80000,0x00000000ed379bf8,0x00000000ed380000)
  to   space 28672K, 0% used [0x00000000f1200000,0x00000000f1200000,0x00000000f2e00000)
 ParOldGen       total 172544K, used 37538K [0x00000000a0000000, 0x00000000aa880000, 0x00000000e0000000)
  object space 172544K, 21% used [0x00000000a0000000,0x00000000a24a8820,0x00000000aa880000)
 Metaspace       used 56973K, capacity 58960K, committed 59028K, reserved 1099776K
  class space    used 7850K, capacity 8388K, committed 8408K, reserved 1048576K
Event: 8.721 GC heap after
Heap after GC invocations=12 (full 3):
 PSYoungGen      total 216576K, used 0K [0x00000000e0000000, 0x00000000f2e00000, 0x0000000100000000)
  eden space 195072K, 0% used [0x00000000e0000000,0x00000000e0000000,0x00000000ebe80000)
  from space 21504K, 0% used [0x00000000ebe80000,0x00000000ebe80000,0x00000000ed380000)
  to   space 28672K, 0% used [0x00000000f1200000,0x00000000f1200000,0x00000000f2e00000)
 ParOldGen       total 273920K, used 47652K [0x00000000a0000000, 0x00000000b0b80000, 0x00000000e0000000)
  object space 273920K, 17% used [0x00000000a0000000,0x00000000a2e89168,0x00000000b0b80000)
 Metaspace       used 56973K, capacity 58960K, committed 59028K, reserved 1099776K
  class space    used 7850K, capacity 8388K, committed 8408K, reserved 1048576K
}
Event: 13.440 GC heap before
{Heap before GC invocations=13 (full 3):
 PSYoungGen      total 216576K, used 195072K [0x00000000e0000000, 0x00000000f2e00000, 0x0000000100000000)
  eden space 195072K, 100% used [0x00000000e0000000,0x00000000ebe80000,0x00000000ebe80000)
  from space 21504K, 0% used [0x00000000ebe80000,0x00000000ebe80000,0x00000000ed380000)
  to   space 28672K, 0% used [0x00000000f1200000,0x00000000f1200000,0x00000000f2e00000)
 ParOldGen       total 273920K, used 47652K [0x00000000a0000000, 0x00000000b0b80000, 0x00000000e0000000)
  object space 273920K, 17% used [0x00000000a0000000,0x00000000a2e89168,0x00000000b0b80000)
 Metaspace       used 64415K, capacity 66874K, committed 67160K, reserved 1107968K
  class space    used 8588K, capacity 9235K, committed 9304K, reserved 1048576K
Event: 13.455 GC heap after
Heap after GC invocations=13 (full 3):
 PSYoungGen      total 245248K, used 17171K [0x00000000e0000000, 0x00000000f2300000, 0x0000000100000000)
  eden space 227840K, 0% used [0x00000000e0000000,0x00000000e0000000,0x00000000ede80000)
  from space 17408K, 98% used [0x00000000f1200000,0x00000000f22c4c28,0x00000000f2300000)
  to   space 28160K, 0% used [0x00000000eec00000,0x00000000eec00000,0x00000000f0780000)
 ParOldGen       total 273920K, used 47660K [0x00000000a0000000, 0x00000000b0b80000, 0x00000000e0000000)
  object space 273920K, 17% used [0x00000000a0000000,0x00000000a2e8b168,0x00000000b0b80000)
 Metaspace       used 64415K, capacity 66874K, committed 67160K, reserved 1107968K
  class space    used 8588K, capacity 9235K, committed 9304K, reserved 1048576K
}

