# JRE version: OpenJDK Runtime Environment (8.0_152-b06) (build 1.8.0_152-release-1136-b06)
# Java VM: OpenJDK 64-Bit Server VM (25.152-b06 mixed mode windows-amd64 compressed oops)
Heap:
 PSYoungGen      total 75264K, used 14093K [0x00000000e0000000, 0x00000000e7d80000, 0x0000000100000000)
  eden space 63488K, 3% used [0x00000000e0000000,0x00000000e0244a10,0x00000000e3e00000)
  from space 11776K, 99% used [0x00000000e7200000,0x00000000e7d7eba0,0x00000000e7d80000)
  to   space 11264K, 0% used [0x00000000e3e00000,0x00000000e3e00000,0x00000000e4900000)
 ParOldGen       total 117760K, used 17331K [0x00000000a0000000, 0x00000000a7300000, 0x00000000e0000000)
  object space 117760K, 14% used [0x00000000a0000000,0x00000000a10ecfd8,0x00000000a7300000)
 Metaspace       used 42977K, capacity 43890K, committed 44032K, reserved 1087488K
  class space    used 5839K, capacity 6144K, committed 6144K, reserved 1048576K
GC Heap History (10 events):
Event: 25.467 GC heap before
{Heap before GC invocations=6 (full 1):
 PSYoungGen      total 76288K, used 72603K [0x00000000e0000000, 0x00000000e8b00000, 0x0000000100000000)
  eden space 65536K, 100% used [0x00000000e0000000,0x00000000e4000000,0x00000000e4000000)
  from space 10752K, 65% used [0x00000000e4a80000,0x00000000e5166d78,0x00000000e5500000)
  to   space 10752K, 0% used [0x00000000e4000000,0x00000000e4000000,0x00000000e4a80000)
 ParOldGen       total 83968K, used 8646K [0x00000000a0000000, 0x00000000a5200000, 0x00000000e0000000)
  object space 83968K, 10% used [0x00000000a0000000,0x00000000a0871918,0x00000000a5200000)
 Metaspace       used 29796K, capacity 30176K, committed 30464K, reserved 1075200K
  class space    used 4170K, capacity 4291K, committed 4352K, reserved 1048576K
Event: 25.473 GC heap after
Heap after GC invocations=6 (full 1):
 PSYoungGen      total 73728K, used 8782K [0x00000000e0000000, 0x00000000e5400000, 0x0000000100000000)
  eden space 64512K, 0% used [0x00000000e0000000,0x00000000e0000000,0x00000000e3f00000)
  from space 9216K, 95% used [0x00000000e4000000,0x00000000e4893930,0x00000000e4900000)
  to   space 10752K, 0% used [0x00000000e4980000,0x00000000e4980000,0x00000000e5400000)
 ParOldGen       total 83968K, used 8654K [0x00000000a0000000, 0x00000000a5200000, 0x00000000e0000000)
  object space 83968K, 10% used [0x00000000a0000000,0x00000000a0873918,0x00000000a5200000)
 Metaspace       used 29796K, capacity 30176K, committed 30464K, reserved 1075200K
  class space    used 4170K, capacity 4291K, committed 4352K, reserved 1048576K
}
Event: 26.010 GC heap before
{Heap before GC invocations=7 (full 1):
 PSYoungGen      total 73728K, used 39993K [0x00000000e0000000, 0x00000000e5400000, 0x0000000100000000)
  eden space 64512K, 48% used [0x00000000e0000000,0x00000000e1e7acb8,0x00000000e3f00000)
  from space 9216K, 95% used [0x00000000e4000000,0x00000000e4893930,0x00000000e4900000)
  to   space 10752K, 0% used [0x00000000e4980000,0x00000000e4980000,0x00000000e5400000)
 ParOldGen       total 83968K, used 8654K [0x00000000a0000000, 0x00000000a5200000, 0x00000000e0000000)
  object space 83968K, 10% used [0x00000000a0000000,0x00000000a0873918,0x00000000a5200000)
 Metaspace       used 34694K, capacity 35308K, committed 35416K, reserved 1079296K
  class space    used 4813K, capacity 5028K, committed 5120K, reserved 1048576K
Event: 26.015 GC heap after
Heap after GC invocations=7 (full 1):
 PSYoungGen      total 74240K, used 9825K [0x00000000e0000000, 0x00000000e5400000, 0x0000000100000000)
  eden space 63488K, 0% used [0x00000000e0000000,0x00000000e0000000,0x00000000e3e00000)
  from space 10752K, 91% used [0x00000000e4980000,0x00000000e5318510,0x00000000e5400000)
  to   space 11264K, 0% used [0x00000000e3e00000,0x00000000e3e00000,0x00000000e4900000)
 ParOldGen       total 83968K, used 8662K [0x00000000a0000000, 0x00000000a5200000, 0x00000000e0000000)
  object space 83968K, 10% used [0x00000000a0000000,0x00000000a0875918,0x00000000a5200000)
 Metaspace       used 34694K, capacity 35308K, committed 35416K, reserved 1079296K
  class space    used 4813K, capacity 5028K, committed 5120K, reserved 1048576K
}
Event: 26.015 GC heap before
{Heap before GC invocations=8 (full 2):
 PSYoungGen      total 74240K, used 9825K [0x00000000e0000000, 0x00000000e5400000, 0x0000000100000000)
  eden space 63488K, 0% used [0x00000000e0000000,0x00000000e0000000,0x00000000e3e00000)
  from space 10752K, 91% used [0x00000000e4980000,0x00000000e5318510,0x00000000e5400000)
  to   space 11264K, 0% used [0x00000000e3e00000,0x00000000e3e00000,0x00000000e4900000)
 ParOldGen       total 83968K, used 8662K [0x00000000a0000000, 0x00000000a5200000, 0x00000000e0000000)
  object space 83968K, 10% used [0x00000000a0000000,0x00000000a0875918,0x00000000a5200000)
 Metaspace       used 34694K, capacity 35308K, committed 35416K, reserved 1079296K
  class space    used 4813K, capacity 5028K, committed 5120K, reserved 1048576K
Event: 26.062 GC heap after
Heap after GC invocations=8 (full 2):
 PSYoungGen      total 74240K, used 0K [0x00000000e0000000, 0x00000000e5400000, 0x0000000100000000)
  eden space 63488K, 0% used [0x00000000e0000000,0x00000000e0000000,0x00000000e3e00000)
  from space 10752K, 0% used [0x00000000e4980000,0x00000000e4980000,0x00000000e5400000)
  to   space 11264K, 0% used [0x00000000e3e00000,0x00000000e3e00000,0x00000000e4900000)
 ParOldGen       total 117760K, used 16328K [0x00000000a0000000, 0x00000000a7300000, 0x00000000e0000000)
  object space 117760K, 13% used [0x00000000a0000000,0x00000000a0ff22d8,0x00000000a7300000)
 Metaspace       used 34694K, capacity 35308K, committed 35416K, reserved 1079296K
  class space    used 4813K, capacity 5028K, committed 5120K, reserved 1048576K
}
Event: 26.704 GC heap before
{Heap before GC invocations=9 (full 2):
 PSYoungGen      total 74240K, used 63488K [0x00000000e0000000, 0x00000000e5400000, 0x0000000100000000)
  eden space 63488K, 100% used [0x00000000e0000000,0x00000000e3e00000,0x00000000e3e00000)
  from space 10752K, 0% used [0x00000000e4980000,0x00000000e4980000,0x00000000e5400000)
  to   space 11264K, 0% used [0x00000000e3e00000,0x00000000e3e00000,0x00000000e4900000)
 ParOldGen       total 117760K, used 16328K [0x00000000a0000000, 0x00000000a7300000, 0x00000000e0000000)
  object space 117760K, 13% used [0x00000000a0000000,0x00000000a0ff22d8,0x00000000a7300000)
 Metaspace       used 38555K, capacity 39382K, committed 39680K, reserved 1083392K
  class space    used 5286K, capacity 5573K, committed 5632K, reserved 1048576K
Event: 26.709 GC heap after
Heap after GC invocations=9 (full 2):
 PSYoungGen      total 74752K, used 5977K [0x00000000e0000000, 0x00000000e7d80000, 0x0000000100000000)
  eden space 63488K, 0% used [0x00000000e0000000,0x00000000e0000000,0x00000000e3e00000)
  from space 11264K, 53% used [0x00000000e3e00000,0x00000000e43d65f8,0x00000000e4900000)
  to   space 11776K, 0% used [0x00000000e7200000,0x00000000e7200000,0x00000000e7d80000)
 ParOldGen       total 117760K, used 16336K [0x00000000a0000000, 0x00000000a7300000, 0x00000000e0000000)
  object space 117760K, 13% used [0x00000000a0000000,0x00000000a0ff42d8,0x00000000a7300000)
 Metaspace       used 38555K, capacity 39382K, committed 39680K, reserved 1083392K
  class space    used 5286K, capacity 5573K, committed 5632K, reserved 1048576K
}
Event: 27.498 GC heap before
{Heap before GC invocations=10 (full 2):
 PSYoungGen      total 74752K, used 69465K [0x00000000e0000000, 0x00000000e7d80000, 0x0000000100000000)
  eden space 63488K, 100% used [0x00000000e0000000,0x00000000e3e00000,0x00000000e3e00000)
  from space 11264K, 53% used [0x00000000e3e00000,0x00000000e43d65f8,0x00000000e4900000)
  to   space 11776K, 0% used [0x00000000e7200000,0x00000000e7200000,0x00000000e7d80000)
 ParOldGen       total 117760K, used 16336K [0x00000000a0000000, 0x00000000a7300000, 0x00000000e0000000)
  object space 117760K, 13% used [0x00000000a0000000,0x00000000a0ff42d8,0x00000000a7300000)
 Metaspace       used 42839K, capacity 43730K, committed 44032K, reserved 1087488K
  class space    used 5822K, capacity 6112K, committed 6144K, reserved 1048576K
Event: 27.513 GC heap after
Heap after GC invocations=10 (full 2):
 PSYoungGen      total 75264K, used 11770K [0x00000000e0000000, 0x00000000e7d80000, 0x0000000100000000)
  eden space 63488K, 0% used [0x00000000e0000000,0x00000000e0000000,0x00000000e3e00000)
  from space 11776K, 99% used [0x00000000e7200000,0x00000000e7d7eba0,0x00000000e7d80000)
  to   space 11264K, 0% used [0x00000000e3e00000,0x00000000e3e00000,0x00000000e4900000)
 ParOldGen       total 117760K, used 17331K [0x00000000a0000000, 0x00000000a7300000, 0x00000000e0000000)
  object space 117760K, 14% used [0x00000000a0000000,0x00000000a10ecfd8,0x00000000a7300000)
 Metaspace       used 42839K, capacity 43730K, committed 44032K, reserved 1087488K
  class space    used 5822K, capacity 6112K, committed 6144K, reserved 1048576K
}

