# JRE version: OpenJDK Runtime Environment (8.0_152-b06) (build 1.8.0_152-release-1136-b06)
# Java VM: OpenJDK 64-Bit Server VM (25.152-b06 mixed mode windows-amd64 compressed oops)
Heap:
 PSYoungGen      total 141312K, used 36180K [0x00000000e0000000, 0x00000000eac00000, 0x0000000100000000)
  eden space 127488K, 17% used [0x00000000e0000000,0x00000000e15d6788,0x00000000e7c80000)
  from space 13824K, 99% used [0x00000000e9e80000,0x00000000eabfec18,0x00000000eac00000)
  to   space 10752K, 0% used [0x00000000e7c80000,0x00000000e7c80000,0x00000000e8700000)
 ParOldGen       total 104448K, used 20759K [0x00000000a0000000, 0x00000000a6600000, 0x00000000e0000000)
  object space 104448K, 19% used [0x00000000a0000000,0x00000000a1445e30,0x00000000a6600000)
 Metaspace       used 44295K, capacity 45240K, committed 45312K, reserved 1087488K
  class space    used 6054K, capacity 6369K, committed 6400K, reserved 1048576K
GC Heap History (10 events):
Event: 2.913 GC heap before
{Heap before GC invocations=4 (full 1):
 PSYoungGen      total 76288K, used 8861K [0x00000000e0000000, 0x00000000e9500000, 0x0000000100000000)
  eden space 65536K, 0% used [0x00000000e0000000,0x00000000e0000000,0x00000000e4000000)
  from space 10752K, 82% used [0x00000000e4000000,0x00000000e48a7778,0x00000000e4a80000)
  to   space 10752K, 0% used [0x00000000e8a80000,0x00000000e8a80000,0x00000000e9500000)
 ParOldGen       total 175104K, used 32K [0x00000000a0000000, 0x00000000aab00000, 0x00000000e0000000)
  object space 175104K, 0% used [0x00000000a0000000,0x00000000a0008000,0x00000000aab00000)
 Metaspace       used 20842K, capacity 21236K, committed 21248K, reserved 1067008K
  class space    used 2926K, capacity 3072K, committed 3072K, reserved 1048576K
Event: 2.956 GC heap after
Heap after GC invocations=4 (full 1):
 PSYoungGen      total 76288K, used 0K [0x00000000e0000000, 0x00000000e9500000, 0x0000000100000000)
  eden space 65536K, 0% used [0x00000000e0000000,0x00000000e0000000,0x00000000e4000000)
  from space 10752K, 0% used [0x00000000e4000000,0x00000000e4000000,0x00000000e4a80000)
  to   space 10752K, 0% used [0x00000000e8a80000,0x00000000e8a80000,0x00000000e9500000)
 ParOldGen       total 104448K, used 8664K [0x00000000a0000000, 0x00000000a6600000, 0x00000000e0000000)
  object space 104448K, 8% used [0x00000000a0000000,0x00000000a0876150,0x00000000a6600000)
 Metaspace       used 20842K, capacity 21236K, committed 21248K, reserved 1067008K
  class space    used 2926K, capacity 3072K, committed 3072K, reserved 1048576K
}
Event: 3.742 GC heap before
{Heap before GC invocations=5 (full 1):
 PSYoungGen      total 76288K, used 65536K [0x00000000e0000000, 0x00000000e9500000, 0x0000000100000000)
  eden space 65536K, 100% used [0x00000000e0000000,0x00000000e4000000,0x00000000e4000000)
  from space 10752K, 0% used [0x00000000e4000000,0x00000000e4000000,0x00000000e4a80000)
  to   space 10752K, 0% used [0x00000000e8a80000,0x00000000e8a80000,0x00000000e9500000)
 ParOldGen       total 104448K, used 8664K [0x00000000a0000000, 0x00000000a6600000, 0x00000000e0000000)
  object space 104448K, 8% used [0x00000000a0000000,0x00000000a0876150,0x00000000a6600000)
 Metaspace       used 26519K, capacity 26958K, committed 27136K, reserved 1073152K
  class space    used 3638K, capacity 3797K, committed 3840K, reserved 1048576K
Event: 3.751 GC heap after
Heap after GC invocations=5 (full 1):
 PSYoungGen      total 106496K, used 7026K [0x00000000e0000000, 0x00000000e9180000, 0x0000000100000000)
  eden space 99328K, 0% used [0x00000000e0000000,0x00000000e0000000,0x00000000e6100000)
  from space 7168K, 98% used [0x00000000e8a80000,0x00000000e915cb58,0x00000000e9180000)
  to   space 10752K, 0% used [0x00000000e7c80000,0x00000000e7c80000,0x00000000e8700000)
 ParOldGen       total 104448K, used 8672K [0x00000000a0000000, 0x00000000a6600000, 0x00000000e0000000)
  object space 104448K, 8% used [0x00000000a0000000,0x00000000a0878150,0x00000000a6600000)
 Metaspace       used 26519K, capacity 26958K, committed 27136K, reserved 1073152K
  class space    used 3638K, capacity 3797K, committed 3840K, reserved 1048576K
}
Event: 4.938 GC heap before
{Heap before GC invocations=6 (full 1):
 PSYoungGen      total 106496K, used 105229K [0x00000000e0000000, 0x00000000e9180000, 0x0000000100000000)
  eden space 99328K, 98% used [0x00000000e0000000,0x00000000e5fe6c00,0x00000000e6100000)
  from space 7168K, 98% used [0x00000000e8a80000,0x00000000e915cb58,0x00000000e9180000)
  to   space 10752K, 0% used [0x00000000e7c80000,0x00000000e7c80000,0x00000000e8700000)
 ParOldGen       total 104448K, used 8672K [0x00000000a0000000, 0x00000000a6600000, 0x00000000e0000000)
  object space 104448K, 8% used [0x00000000a0000000,0x00000000a0878150,0x00000000a6600000)
 Metaspace       used 34707K, capacity 35304K, committed 35416K, reserved 1079296K
  class space    used 4813K, capacity 5028K, committed 5120K, reserved 1048576K
Event: 4.950 GC heap after
Heap after GC invocations=6 (full 1):
 PSYoungGen      total 138240K, used 10742K [0x00000000e0000000, 0x00000000eac00000, 0x0000000100000000)
  eden space 127488K, 0% used [0x00000000e0000000,0x00000000e0000000,0x00000000e7c80000)
  from space 10752K, 99% used [0x00000000e7c80000,0x00000000e86fd890,0x00000000e8700000)
  to   space 13824K, 0% used [0x00000000e9e80000,0x00000000e9e80000,0x00000000eac00000)
 ParOldGen       total 104448K, used 11001K [0x00000000a0000000, 0x00000000a6600000, 0x00000000e0000000)
  object space 104448K, 10% used [0x00000000a0000000,0x00000000a0abe568,0x00000000a6600000)
 Metaspace       used 34707K, capacity 35304K, committed 35416K, reserved 1079296K
  class space    used 4813K, capacity 5028K, committed 5120K, reserved 1048576K
}
Event: 4.950 GC heap before
{Heap before GC invocations=7 (full 2):
 PSYoungGen      total 138240K, used 10742K [0x00000000e0000000, 0x00000000eac00000, 0x0000000100000000)
  eden space 127488K, 0% used [0x00000000e0000000,0x00000000e0000000,0x00000000e7c80000)
  from space 10752K, 99% used [0x00000000e7c80000,0x00000000e86fd890,0x00000000e8700000)
  to   space 13824K, 0% used [0x00000000e9e80000,0x00000000e9e80000,0x00000000eac00000)
 ParOldGen       total 104448K, used 11001K [0x00000000a0000000, 0x00000000a6600000, 0x00000000e0000000)
  object space 104448K, 10% used [0x00000000a0000000,0x00000000a0abe568,0x00000000a6600000)
 Metaspace       used 34707K, capacity 35304K, committed 35416K, reserved 1079296K
  class space    used 4813K, capacity 5028K, committed 5120K, reserved 1048576K
Event: 4.993 GC heap after
Heap after GC invocations=7 (full 2):
 PSYoungGen      total 138240K, used 0K [0x00000000e0000000, 0x00000000eac00000, 0x0000000100000000)
  eden space 127488K, 0% used [0x00000000e0000000,0x00000000e0000000,0x00000000e7c80000)
  from space 10752K, 0% used [0x00000000e7c80000,0x00000000e7c80000,0x00000000e8700000)
  to   space 13824K, 0% used [0x00000000e9e80000,0x00000000e9e80000,0x00000000eac00000)
 ParOldGen       total 104448K, used 19415K [0x00000000a0000000, 0x00000000a6600000, 0x00000000e0000000)
  object space 104448K, 18% used [0x00000000a0000000,0x00000000a12f5c60,0x00000000a6600000)
 Metaspace       used 34707K, capacity 35304K, committed 35416K, reserved 1079296K
  class space    used 4813K, capacity 5028K, committed 5120K, reserved 1048576K
}
Event: 6.432 GC heap before
{Heap before GC invocations=8 (full 2):
 PSYoungGen      total 138240K, used 127488K [0x00000000e0000000, 0x00000000eac00000, 0x0000000100000000)
  eden space 127488K, 100% used [0x00000000e0000000,0x00000000e7c80000,0x00000000e7c80000)
  from space 10752K, 0% used [0x00000000e7c80000,0x00000000e7c80000,0x00000000e8700000)
  to   space 13824K, 0% used [0x00000000e9e80000,0x00000000e9e80000,0x00000000eac00000)
 ParOldGen       total 104448K, used 19415K [0x00000000a0000000, 0x00000000a6600000, 0x00000000e0000000)
  object space 104448K, 18% used [0x00000000a0000000,0x00000000a12f5c60,0x00000000a6600000)
 Metaspace       used 42776K, capacity 43684K, committed 44032K, reserved 1087488K
  class space    used 5797K, capacity 6099K, committed 6144K, reserved 1048576K
Event: 6.446 GC heap after
Heap after GC invocations=8 (full 2):
 PSYoungGen      total 141312K, used 13819K [0x00000000e0000000, 0x00000000eac00000, 0x0000000100000000)
  eden space 127488K, 0% used [0x00000000e0000000,0x00000000e0000000,0x00000000e7c80000)
  from space 13824K, 99% used [0x00000000e9e80000,0x00000000eabfec18,0x00000000eac00000)
  to   space 10752K, 0% used [0x00000000e7c80000,0x00000000e7c80000,0x00000000e8700000)
 ParOldGen       total 104448K, used 20759K [0x00000000a0000000, 0x00000000a6600000, 0x00000000e0000000)
  object space 104448K, 19% used [0x00000000a0000000,0x00000000a1445e30,0x00000000a6600000)
 Metaspace       used 42776K, capacity 43684K, committed 44032K, reserved 1087488K
  class space    used 5797K, capacity 6099K, committed 6144K, reserved 1048576K
}

