# JRE version: OpenJDK Runtime Environment (8.0_152-b06) (build 1.8.0_152-release-1136-b06)
# Java VM: OpenJDK 64-Bit Server VM (25.152-b06 mixed mode windows-amd64 compressed oops)
Heap:
 PSYoungGen      total 163840K, used 18505K [0x00000000e0000000, 0x00000000ee200000, 0x0000000100000000)
  eden space 150528K, 3% used [0x00000000e0000000,0x00000000e0512620,0x00000000e9300000)
  from space 13312K, 99% used [0x00000000e9300000,0x00000000e9fffe20,0x00000000ea000000)
  to   space 13824K, 0% used [0x00000000ea000000,0x00000000ea000000,0x00000000ead80000)
 ParOldGen       total 159232K, used 20465K [0x00000000a0000000, 0x00000000a9b80000, 0x00000000e0000000)
  object space 159232K, 12% used [0x00000000a0000000,0x00000000a13fc4f0,0x00000000a9b80000)
 Metaspace       used 45094K, capacity 46220K, committed 46552K, reserved 1089536K
  class space    used 6191K, capacity 6568K, committed 6616K, reserved 1048576K
GC Heap History (10 events):
Event: 3.449 GC heap before
{Heap before GC invocations=5 (full 1):
 PSYoungGen      total 76288K, used 65536K [0x00000000e0000000, 0x00000000e9500000, 0x0000000100000000)
  eden space 65536K, 100% used [0x00000000e0000000,0x00000000e4000000,0x00000000e4000000)
  from space 10752K, 0% used [0x00000000e4000000,0x00000000e4000000,0x00000000e4a80000)
  to   space 10752K, 0% used [0x00000000e8a80000,0x00000000e8a80000,0x00000000e9500000)
 ParOldGen       total 106496K, used 8702K [0x00000000a0000000, 0x00000000a6800000, 0x00000000e0000000)
  object space 106496K, 8% used [0x00000000a0000000,0x00000000a087f8e8,0x00000000a6800000)
 Metaspace       used 25930K, capacity 26448K, committed 26624K, reserved 1073152K
  class space    used 3634K, capacity 3800K, committed 3840K, reserved 1048576K
Event: 3.461 GC heap after
Heap after GC invocations=5 (full 1):
 PSYoungGen      total 107008K, used 6614K [0x00000000e0000000, 0x00000000e9100000, 0x0000000100000000)
  eden space 100352K, 0% used [0x00000000e0000000,0x00000000e0000000,0x00000000e6200000)
  from space 6656K, 99% used [0x00000000e8a80000,0x00000000e90f5970,0x00000000e9100000)
  to   space 10752K, 0% used [0x00000000e7c00000,0x00000000e7c00000,0x00000000e8680000)
 ParOldGen       total 106496K, used 8710K [0x00000000a0000000, 0x00000000a6800000, 0x00000000e0000000)
  object space 106496K, 8% used [0x00000000a0000000,0x00000000a08818e8,0x00000000a6800000)
 Metaspace       used 25930K, capacity 26448K, committed 26624K, reserved 1073152K
  class space    used 3634K, capacity 3800K, committed 3840K, reserved 1048576K
}
Event: 4.803 GC heap before
{Heap before GC invocations=6 (full 1):
 PSYoungGen      total 107008K, used 106966K [0x00000000e0000000, 0x00000000e9100000, 0x0000000100000000)
  eden space 100352K, 100% used [0x00000000e0000000,0x00000000e6200000,0x00000000e6200000)
  from space 6656K, 99% used [0x00000000e8a80000,0x00000000e90f5970,0x00000000e9100000)
  to   space 10752K, 0% used [0x00000000e7c00000,0x00000000e7c00000,0x00000000e8680000)
 ParOldGen       total 106496K, used 8710K [0x00000000a0000000, 0x00000000a6800000, 0x00000000e0000000)
  object space 106496K, 8% used [0x00000000a0000000,0x00000000a08818e8,0x00000000a6800000)
 Metaspace       used 31895K, capacity 32604K, committed 32768K, reserved 1077248K
  class space    used 4492K, capacity 4788K, committed 4864K, reserved 1048576K
Event: 4.813 GC heap after
Heap after GC invocations=6 (full 1):
 PSYoungGen      total 137728K, used 10750K [0x00000000e0000000, 0x00000000ead80000, 0x0000000100000000)
  eden space 126976K, 0% used [0x00000000e0000000,0x00000000e0000000,0x00000000e7c00000)
  from space 10752K, 99% used [0x00000000e7c00000,0x00000000e867f8f8,0x00000000e8680000)
  to   space 13824K, 0% used [0x00000000ea000000,0x00000000ea000000,0x00000000ead80000)
 ParOldGen       total 106496K, used 10872K [0x00000000a0000000, 0x00000000a6800000, 0x00000000e0000000)
  object space 106496K, 10% used [0x00000000a0000000,0x00000000a0a9e150,0x00000000a6800000)
 Metaspace       used 31895K, capacity 32604K, committed 32768K, reserved 1077248K
  class space    used 4492K, capacity 4788K, committed 4864K, reserved 1048576K
}
Event: 4.984 GC heap before
{Heap before GC invocations=7 (full 1):
 PSYoungGen      total 137728K, used 23941K [0x00000000e0000000, 0x00000000ead80000, 0x0000000100000000)
  eden space 126976K, 10% used [0x00000000e0000000,0x00000000e0ce1db0,0x00000000e7c00000)
  from space 10752K, 99% used [0x00000000e7c00000,0x00000000e867f8f8,0x00000000e8680000)
  to   space 13824K, 0% used [0x00000000ea000000,0x00000000ea000000,0x00000000ead80000)
 ParOldGen       total 106496K, used 10872K [0x00000000a0000000, 0x00000000a6800000, 0x00000000e0000000)
  object space 106496K, 10% used [0x00000000a0000000,0x00000000a0a9e150,0x00000000a6800000)
 Metaspace       used 34507K, capacity 35292K, committed 35416K, reserved 1079296K
  class space    used 4857K, capacity 5153K, committed 5208K, reserved 1048576K
Event: 4.992 GC heap after
Heap after GC invocations=7 (full 1):
 PSYoungGen      total 164352K, used 9763K [0x00000000e0000000, 0x00000000ee200000, 0x0000000100000000)
  eden space 150528K, 0% used [0x00000000e0000000,0x00000000e0000000,0x00000000e9300000)
  from space 13824K, 70% used [0x00000000ea000000,0x00000000ea988ef0,0x00000000ead80000)
  to   space 13312K, 0% used [0x00000000e9300000,0x00000000e9300000,0x00000000ea000000)
 ParOldGen       total 106496K, used 10880K [0x00000000a0000000, 0x00000000a6800000, 0x00000000e0000000)
  object space 106496K, 10% used [0x00000000a0000000,0x00000000a0aa0150,0x00000000a6800000)
 Metaspace       used 34507K, capacity 35292K, committed 35416K, reserved 1079296K
  class space    used 4857K, capacity 5153K, committed 5208K, reserved 1048576K
}
Event: 4.992 GC heap before
{Heap before GC invocations=8 (full 2):
 PSYoungGen      total 164352K, used 9763K [0x00000000e0000000, 0x00000000ee200000, 0x0000000100000000)
  eden space 150528K, 0% used [0x00000000e0000000,0x00000000e0000000,0x00000000e9300000)
  from space 13824K, 70% used [0x00000000ea000000,0x00000000ea988ef0,0x00000000ead80000)
  to   space 13312K, 0% used [0x00000000e9300000,0x00000000e9300000,0x00000000ea000000)
 ParOldGen       total 106496K, used 10880K [0x00000000a0000000, 0x00000000a6800000, 0x00000000e0000000)
  object space 106496K, 10% used [0x00000000a0000000,0x00000000a0aa0150,0x00000000a6800000)
 Metaspace       used 34507K, capacity 35292K, committed 35416K, reserved 1079296K
  class space    used 4857K, capacity 5153K, committed 5208K, reserved 1048576K
Event: 5.038 GC heap after
Heap after GC invocations=8 (full 2):
 PSYoungGen      total 164352K, used 0K [0x00000000e0000000, 0x00000000ee200000, 0x0000000100000000)
  eden space 150528K, 0% used [0x00000000e0000000,0x00000000e0000000,0x00000000e9300000)
  from space 13824K, 0% used [0x00000000ea000000,0x00000000ea000000,0x00000000ead80000)
  to   space 13312K, 0% used [0x00000000e9300000,0x00000000e9300000,0x00000000ea000000)
 ParOldGen       total 159232K, used 16327K [0x00000000a0000000, 0x00000000a9b80000, 0x00000000e0000000)
  object space 159232K, 10% used [0x00000000a0000000,0x00000000a0ff1fe0,0x00000000a9b80000)
 Metaspace       used 34507K, capacity 35292K, committed 35416K, reserved 1079296K
  class space    used 4857K, capacity 5153K, committed 5208K, reserved 1048576K
}
Event: 7.393 GC heap before
{Heap before GC invocations=9 (full 2):
 PSYoungGen      total 164352K, used 150528K [0x00000000e0000000, 0x00000000ee200000, 0x0000000100000000)
  eden space 150528K, 100% used [0x00000000e0000000,0x00000000e9300000,0x00000000e9300000)
  from space 13824K, 0% used [0x00000000ea000000,0x00000000ea000000,0x00000000ead80000)
  to   space 13312K, 0% used [0x00000000e9300000,0x00000000e9300000,0x00000000ea000000)
 ParOldGen       total 159232K, used 16327K [0x00000000a0000000, 0x00000000a9b80000, 0x00000000e0000000)
  object space 159232K, 10% used [0x00000000a0000000,0x00000000a0ff1fe0,0x00000000a9b80000)
 Metaspace       used 44931K, capacity 46036K, committed 46296K, reserved 1089536K
  class space    used 6161K, capacity 6532K, committed 6616K, reserved 1048576K
Event: 7.419 GC heap after
Heap after GC invocations=9 (full 2):
 PSYoungGen      total 163840K, used 13311K [0x00000000e0000000, 0x00000000ee200000, 0x0000000100000000)
  eden space 150528K, 0% used [0x00000000e0000000,0x00000000e0000000,0x00000000e9300000)
  from space 13312K, 99% used [0x00000000e9300000,0x00000000e9fffe20,0x00000000ea000000)
  to   space 13824K, 0% used [0x00000000ea000000,0x00000000ea000000,0x00000000ead80000)
 ParOldGen       total 159232K, used 20465K [0x00000000a0000000, 0x00000000a9b80000, 0x00000000e0000000)
  object space 159232K, 12% used [0x00000000a0000000,0x00000000a13fc4f0,0x00000000a9b80000)
 Metaspace       used 44931K, capacity 46036K, committed 46296K, reserved 1089536K
  class space    used 6161K, capacity 6532K, committed 6616K, reserved 1048576K
}

