# JRE version: OpenJDK Runtime Environment (8.0_152-b06) (build 1.8.0_152-release-1136-b06)
# Java VM: OpenJDK 64-Bit Server VM (25.152-b06 mixed mode windows-amd64 compressed oops)
Heap:
 PSYoungGen      total 158720K, used 129162K [0x00000000e0000000, 0x00000000ee200000, 0x0000000100000000)
  eden space 144896K, 89% used [0x00000000e0000000,0x00000000e7e22a60,0x00000000e8d80000)
  from space 13824K, 0% used [0x00000000e9a80000,0x00000000e9a80000,0x00000000ea800000)
  to   space 13312K, 0% used [0x00000000e8d80000,0x00000000e8d80000,0x00000000e9a80000)
 ParOldGen       total 106496K, used 16709K [0x00000000a0000000, 0x00000000a6800000, 0x00000000e0000000)
  object space 106496K, 15% used [0x00000000a0000000,0x00000000a1051638,0x00000000a6800000)
 Metaspace       used 43169K, capacity 44262K, committed 44376K, reserved 1087488K
  class space    used 5883K, capacity 6231K, committed 6232K, reserved 1048576K
GC Heap History (10 events):
Event: 2.689 GC heap before
{Heap before GC invocations=4 (full 1):
 PSYoungGen      total 76288K, used 8893K [0x00000000e0000000, 0x00000000e9500000, 0x0000000100000000)
  eden space 65536K, 0% used [0x00000000e0000000,0x00000000e0000000,0x00000000e4000000)
  from space 10752K, 82% used [0x00000000e4000000,0x00000000e48af588,0x00000000e4a80000)
  to   space 10752K, 0% used [0x00000000e8a80000,0x00000000e8a80000,0x00000000e9500000)
 ParOldGen       total 175104K, used 32K [0x00000000a0000000, 0x00000000aab00000, 0x00000000e0000000)
  object space 175104K, 0% used [0x00000000a0000000,0x00000000a0008000,0x00000000aab00000)
 Metaspace       used 20796K, capacity 21192K, committed 21248K, reserved 1067008K
  class space    used 2920K, capacity 3039K, committed 3072K, reserved 1048576K
Event: 2.728 GC heap after
Heap after GC invocations=4 (full 1):
 PSYoungGen      total 76288K, used 0K [0x00000000e0000000, 0x00000000e9500000, 0x0000000100000000)
  eden space 65536K, 0% used [0x00000000e0000000,0x00000000e0000000,0x00000000e4000000)
  from space 10752K, 0% used [0x00000000e4000000,0x00000000e4000000,0x00000000e4a80000)
  to   space 10752K, 0% used [0x00000000e8a80000,0x00000000e8a80000,0x00000000e9500000)
 ParOldGen       total 106496K, used 8599K [0x00000000a0000000, 0x00000000a6800000, 0x00000000e0000000)
  object space 106496K, 8% used [0x00000000a0000000,0x00000000a0865ef8,0x00000000a6800000)
 Metaspace       used 20796K, capacity 21192K, committed 21248K, reserved 1067008K
  class space    used 2920K, capacity 3039K, committed 3072K, reserved 1048576K
}
Event: 3.365 GC heap before
{Heap before GC invocations=5 (full 1):
 PSYoungGen      total 76288K, used 65536K [0x00000000e0000000, 0x00000000e9500000, 0x0000000100000000)
  eden space 65536K, 100% used [0x00000000e0000000,0x00000000e4000000,0x00000000e4000000)
  from space 10752K, 0% used [0x00000000e4000000,0x00000000e4000000,0x00000000e4a80000)
  to   space 10752K, 0% used [0x00000000e8a80000,0x00000000e8a80000,0x00000000e9500000)
 ParOldGen       total 106496K, used 8599K [0x00000000a0000000, 0x00000000a6800000, 0x00000000e0000000)
  object space 106496K, 8% used [0x00000000a0000000,0x00000000a0865ef8,0x00000000a6800000)
 Metaspace       used 25903K, capacity 26448K, committed 26624K, reserved 1073152K
  class space    used 3630K, capacity 3800K, committed 3840K, reserved 1048576K
Event: 3.372 GC heap after
Heap after GC invocations=5 (full 1):
 PSYoungGen      total 104448K, used 6641K [0x00000000e0000000, 0x00000000e9100000, 0x0000000100000000)
  eden space 97792K, 0% used [0x00000000e0000000,0x00000000e0000000,0x00000000e5f80000)
  from space 6656K, 99% used [0x00000000e8a80000,0x00000000e90fc450,0x00000000e9100000)
  to   space 10752K, 0% used [0x00000000e7c00000,0x00000000e7c00000,0x00000000e8680000)
 ParOldGen       total 106496K, used 8607K [0x00000000a0000000, 0x00000000a6800000, 0x00000000e0000000)
  object space 106496K, 8% used [0x00000000a0000000,0x00000000a0867ef8,0x00000000a6800000)
 Metaspace       used 25903K, capacity 26448K, committed 26624K, reserved 1073152K
  class space    used 3630K, capacity 3800K, committed 3840K, reserved 1048576K
}
Event: 4.499 GC heap before
{Heap before GC invocations=6 (full 1):
 PSYoungGen      total 104448K, used 104433K [0x00000000e0000000, 0x00000000e9100000, 0x0000000100000000)
  eden space 97792K, 100% used [0x00000000e0000000,0x00000000e5f80000,0x00000000e5f80000)
  from space 6656K, 99% used [0x00000000e8a80000,0x00000000e90fc450,0x00000000e9100000)
  to   space 10752K, 0% used [0x00000000e7c00000,0x00000000e7c00000,0x00000000e8680000)
 ParOldGen       total 106496K, used 8607K [0x00000000a0000000, 0x00000000a6800000, 0x00000000e0000000)
  object space 106496K, 8% used [0x00000000a0000000,0x00000000a0867ef8,0x00000000a6800000)
 Metaspace       used 31444K, capacity 32188K, committed 32384K, reserved 1077248K
  class space    used 4428K, capacity 4692K, committed 4736K, reserved 1048576K
Event: 4.510 GC heap after
Heap after GC invocations=6 (full 1):
 PSYoungGen      total 137728K, used 10742K [0x00000000e0000000, 0x00000000ea800000, 0x0000000100000000)
  eden space 126976K, 0% used [0x00000000e0000000,0x00000000e0000000,0x00000000e7c00000)
  from space 10752K, 99% used [0x00000000e7c00000,0x00000000e867d8b8,0x00000000e8680000)
  to   space 13824K, 0% used [0x00000000e9a80000,0x00000000e9a80000,0x00000000ea800000)
 ParOldGen       total 106496K, used 10425K [0x00000000a0000000, 0x00000000a6800000, 0x00000000e0000000)
  object space 106496K, 9% used [0x00000000a0000000,0x00000000a0a2e740,0x00000000a6800000)
 Metaspace       used 31444K, capacity 32188K, committed 32384K, reserved 1077248K
  class space    used 4428K, capacity 4692K, committed 4736K, reserved 1048576K
}
Event: 4.704 GC heap before
{Heap before GC invocations=7 (full 1):
 PSYoungGen      total 137728K, used 25717K [0x00000000e0000000, 0x00000000ea800000, 0x0000000100000000)
  eden space 126976K, 11% used [0x00000000e0000000,0x00000000e0e9ff20,0x00000000e7c00000)
  from space 10752K, 99% used [0x00000000e7c00000,0x00000000e867d8b8,0x00000000e8680000)
  to   space 13824K, 0% used [0x00000000e9a80000,0x00000000e9a80000,0x00000000ea800000)
 ParOldGen       total 106496K, used 10425K [0x00000000a0000000, 0x00000000a6800000, 0x00000000e0000000)
  object space 106496K, 9% used [0x00000000a0000000,0x00000000a0a2e740,0x00000000a6800000)
 Metaspace       used 34568K, capacity 35324K, committed 35416K, reserved 1079296K
  class space    used 4870K, capacity 5185K, committed 5208K, reserved 1048576K
Event: 4.715 GC heap after
Heap after GC invocations=7 (full 1):
 PSYoungGen      total 158720K, used 10144K [0x00000000e0000000, 0x00000000ee200000, 0x0000000100000000)
  eden space 144896K, 0% used [0x00000000e0000000,0x00000000e0000000,0x00000000e8d80000)
  from space 13824K, 73% used [0x00000000e9a80000,0x00000000ea468118,0x00000000ea800000)
  to   space 13312K, 0% used [0x00000000e8d80000,0x00000000e8d80000,0x00000000e9a80000)
 ParOldGen       total 106496K, used 10433K [0x00000000a0000000, 0x00000000a6800000, 0x00000000e0000000)
  object space 106496K, 9% used [0x00000000a0000000,0x00000000a0a30740,0x00000000a6800000)
 Metaspace       used 34568K, capacity 35324K, committed 35416K, reserved 1079296K
  class space    used 4870K, capacity 5185K, committed 5208K, reserved 1048576K
}
Event: 4.715 GC heap before
{Heap before GC invocations=8 (full 2):
 PSYoungGen      total 158720K, used 10144K [0x00000000e0000000, 0x00000000ee200000, 0x0000000100000000)
  eden space 144896K, 0% used [0x00000000e0000000,0x00000000e0000000,0x00000000e8d80000)
  from space 13824K, 73% used [0x00000000e9a80000,0x00000000ea468118,0x00000000ea800000)
  to   space 13312K, 0% used [0x00000000e8d80000,0x00000000e8d80000,0x00000000e9a80000)
 ParOldGen       total 106496K, used 10433K [0x00000000a0000000, 0x00000000a6800000, 0x00000000e0000000)
  object space 106496K, 9% used [0x00000000a0000000,0x00000000a0a30740,0x00000000a6800000)
 Metaspace       used 34568K, capacity 35324K, committed 35416K, reserved 1079296K
  class space    used 4870K, capacity 5185K, committed 5208K, reserved 1048576K
Event: 4.769 GC heap after
Heap after GC invocations=8 (full 2):
 PSYoungGen      total 158720K, used 0K [0x00000000e0000000, 0x00000000ee200000, 0x0000000100000000)
  eden space 144896K, 0% used [0x00000000e0000000,0x00000000e0000000,0x00000000e8d80000)
  from space 13824K, 0% used [0x00000000e9a80000,0x00000000e9a80000,0x00000000ea800000)
  to   space 13312K, 0% used [0x00000000e8d80000,0x00000000e8d80000,0x00000000e9a80000)
 ParOldGen       total 106496K, used 16709K [0x00000000a0000000, 0x00000000a6800000, 0x00000000e0000000)
  object space 106496K, 15% used [0x00000000a0000000,0x00000000a1051638,0x00000000a6800000)
 Metaspace       used 34568K, capacity 35324K, committed 35416K, reserved 1079296K
  class space    used 4870K, capacity 5185K, committed 5208K, reserved 1048576K
}

